

Microchip MPLAB XC8 Assembler V2.20 build 20200408173844 
                                                                                               Wed Oct 28 08:33:01 2020

Microchip MPLAB XC8 C Compiler v2.20 (Free license) build 20200408173844 Og1 
     1                           	processor	16F887
     2                           	pagewidth 120
     3                           	opt	flic
     4                           	psect	cinit,global,class=CODE,merge=1,delta=2
     5                           	psect	bssCOMMON,global,class=COMMON,space=1,delta=1,noexec
     6                           	psect	cstackCOMMON,global,class=COMMON,space=1,delta=1,noexec
     7                           	psect	maintext,global,class=CODE,split=1,delta=2
     8                           	psect	text1,local,class=CODE,merge=1,delta=2
     9                           	psect	text2,local,class=CODE,merge=1,delta=2
    10                           	psect	text3,local,class=CODE,merge=1,delta=2
    11                           	psect	text4,local,class=CODE,merge=1,delta=2
    12                           	psect	text5,local,class=CODE,merge=1,delta=2
    13                           	psect	intentry,global,class=CODE,delta=2
    14                           	psect	text6,local,class=CODE,merge=1,delta=2
    15                           	psect	config,global,abs,ovrld,class=CONFIG,space=4,delta=2,noexec
    16                           	dabs	1,0x7E,2
    17  0000                     
    18                           ; Version 2.20
    19                           ; Generated 12/02/2020 GMT
    20                           ; 
    21                           ; Copyright © 2020, Microchip Technology Inc. and its subsidiaries ("Microchip")
    22                           ; All rights reserved.
    23                           ; 
    24                           ; This software is developed by Microchip Technology Inc. and its subsidiaries ("Microch
      +                          ip").
    25                           ; 
    26                           ; Redistribution and use in source and binary forms, with or without modification, are
    27                           ; permitted provided that the following conditions are met:
    28                           ; 
    29                           ;     1. Redistributions of source code must retain the above copyright notice, this lis
      +                          t of
    30                           ;        conditions and the following disclaimer.
    31                           ; 
    32                           ;     2. Redistributions in binary form must reproduce the above copyright notice, this 
      +                          list
    33                           ;        of conditions and the following disclaimer in the documentation and/or other
    34                           ;        materials provided with the distribution.
    35                           ; 
    36                           ;     3. Microchip's name may not be used to endorse or promote products derived from th
      +                          is
    37                           ;        software without specific prior written permission.
    38                           ; 
    39                           ; THIS SOFTWARE IS PROVIDED BY MICROCHIP "AS IS" AND ANY EXPRESS OR IMPLIED WARRANTIES,
    40                           ; INCLUDING, BUT NOT LIMITED TO, THE IMPLIED WARRANTIES OF MERCHANTABILITY AND FITNESS F
      +                          OR
    41                           ; PURPOSE ARE DISCLAIMED.  IN NO EVENT SHALL MICROCHIP BE LIABLE FOR ANY DIRECT, INDIREC
      +                          T,
    42                           ; INCIDENTAL, SPECIAL, EXEMPLARY, OR CONSEQUENTIAL DAMAGES (INCLUDING BUT NOT LIMITED TO
    43                           ; PROCUREMENT OF SUBSTITUTE GOODS OR SERVICES; LOSS OF USE, DATA OR PROFITS; OR BUSINESS
    44                           ; INTERRUPTION) HOWSOEVER CAUSED AND ON ANY THEORY OF LIABILITY, WHETHER IN CONTRACT, ST
      +                          RICT
    45                           ; LIABILITY, OR TORT (INCLUDING NEGLIGENCE OR OTHERWISE) ARISING IN ANY WAY OUT OF THE U
      +                          SE OF
    46                           ; THIS SOFTWARE, EVEN IF ADVISED OF THE POSSIBILITY OF SUCH DAMAGE.
    47                           ; 
    48                           ; 
    49                           ; Code-generator required, PIC16F887 Definitions
    50                           ; 
    51                           ; SFR Addresses
    52  0000                     	;# 
    53  0001                     	;# 
    54  0002                     	;# 
    55  0003                     	;# 
    56  0004                     	;# 
    57  0005                     	;# 
    58  0006                     	;# 
    59  0007                     	;# 
    60  0008                     	;# 
    61  0009                     	;# 
    62  000A                     	;# 
    63  000B                     	;# 
    64  000C                     	;# 
    65  000D                     	;# 
    66  000E                     	;# 
    67  000E                     	;# 
    68  000F                     	;# 
    69  0010                     	;# 
    70  0011                     	;# 
    71  0012                     	;# 
    72  0013                     	;# 
    73  0014                     	;# 
    74  0015                     	;# 
    75  0015                     	;# 
    76  0016                     	;# 
    77  0017                     	;# 
    78  0018                     	;# 
    79  0019                     	;# 
    80  001A                     	;# 
    81  001B                     	;# 
    82  001B                     	;# 
    83  001C                     	;# 
    84  001D                     	;# 
    85  001E                     	;# 
    86  001F                     	;# 
    87  0081                     	;# 
    88  0085                     	;# 
    89  0086                     	;# 
    90  0087                     	;# 
    91  0088                     	;# 
    92  0089                     	;# 
    93  008C                     	;# 
    94  008D                     	;# 
    95  008E                     	;# 
    96  008F                     	;# 
    97  0090                     	;# 
    98  0091                     	;# 
    99  0092                     	;# 
   100  0093                     	;# 
   101  0093                     	;# 
   102  0093                     	;# 
   103  0094                     	;# 
   104  0095                     	;# 
   105  0096                     	;# 
   106  0097                     	;# 
   107  0098                     	;# 
   108  0099                     	;# 
   109  009A                     	;# 
   110  009B                     	;# 
   111  009C                     	;# 
   112  009D                     	;# 
   113  009E                     	;# 
   114  009F                     	;# 
   115  0105                     	;# 
   116  0107                     	;# 
   117  0108                     	;# 
   118  0109                     	;# 
   119  010C                     	;# 
   120  010C                     	;# 
   121  010D                     	;# 
   122  010E                     	;# 
   123  010F                     	;# 
   124  0185                     	;# 
   125  0187                     	;# 
   126  0188                     	;# 
   127  0189                     	;# 
   128  018C                     	;# 
   129  018D                     	;# 
   130  0000                     	;# 
   131  0001                     	;# 
   132  0002                     	;# 
   133  0003                     	;# 
   134  0004                     	;# 
   135  0005                     	;# 
   136  0006                     	;# 
   137  0007                     	;# 
   138  0008                     	;# 
   139  0009                     	;# 
   140  000A                     	;# 
   141  000B                     	;# 
   142  000C                     	;# 
   143  000D                     	;# 
   144  000E                     	;# 
   145  000E                     	;# 
   146  000F                     	;# 
   147  0010                     	;# 
   148  0011                     	;# 
   149  0012                     	;# 
   150  0013                     	;# 
   151  0014                     	;# 
   152  0015                     	;# 
   153  0015                     	;# 
   154  0016                     	;# 
   155  0017                     	;# 
   156  0018                     	;# 
   157  0019                     	;# 
   158  001A                     	;# 
   159  001B                     	;# 
   160  001B                     	;# 
   161  001C                     	;# 
   162  001D                     	;# 
   163  001E                     	;# 
   164  001F                     	;# 
   165  0081                     	;# 
   166  0085                     	;# 
   167  0086                     	;# 
   168  0087                     	;# 
   169  0088                     	;# 
   170  0089                     	;# 
   171  008C                     	;# 
   172  008D                     	;# 
   173  008E                     	;# 
   174  008F                     	;# 
   175  0090                     	;# 
   176  0091                     	;# 
   177  0092                     	;# 
   178  0093                     	;# 
   179  0093                     	;# 
   180  0093                     	;# 
   181  0094                     	;# 
   182  0095                     	;# 
   183  0096                     	;# 
   184  0097                     	;# 
   185  0098                     	;# 
   186  0099                     	;# 
   187  009A                     	;# 
   188  009B                     	;# 
   189  009C                     	;# 
   190  009D                     	;# 
   191  009E                     	;# 
   192  009F                     	;# 
   193  0105                     	;# 
   194  0107                     	;# 
   195  0108                     	;# 
   196  0109                     	;# 
   197  010C                     	;# 
   198  010C                     	;# 
   199  010D                     	;# 
   200  010E                     	;# 
   201  010F                     	;# 
   202  0185                     	;# 
   203  0187                     	;# 
   204  0188                     	;# 
   205  0189                     	;# 
   206  018C                     	;# 
   207  018D                     	;# 
   208  0000                     	;# 
   209  0001                     	;# 
   210  0002                     	;# 
   211  0003                     	;# 
   212  0004                     	;# 
   213  0005                     	;# 
   214  0006                     	;# 
   215  0007                     	;# 
   216  0008                     	;# 
   217  0009                     	;# 
   218  000A                     	;# 
   219  000B                     	;# 
   220  000C                     	;# 
   221  000D                     	;# 
   222  000E                     	;# 
   223  000E                     	;# 
   224  000F                     	;# 
   225  0010                     	;# 
   226  0011                     	;# 
   227  0012                     	;# 
   228  0013                     	;# 
   229  0014                     	;# 
   230  0015                     	;# 
   231  0015                     	;# 
   232  0016                     	;# 
   233  0017                     	;# 
   234  0018                     	;# 
   235  0019                     	;# 
   236  001A                     	;# 
   237  001B                     	;# 
   238  001B                     	;# 
   239  001C                     	;# 
   240  001D                     	;# 
   241  001E                     	;# 
   242  001F                     	;# 
   243  0081                     	;# 
   244  0085                     	;# 
   245  0086                     	;# 
   246  0087                     	;# 
   247  0088                     	;# 
   248  0089                     	;# 
   249  008C                     	;# 
   250  008D                     	;# 
   251  008E                     	;# 
   252  008F                     	;# 
   253  0090                     	;# 
   254  0091                     	;# 
   255  0092                     	;# 
   256  0093                     	;# 
   257  0093                     	;# 
   258  0093                     	;# 
   259  0094                     	;# 
   260  0095                     	;# 
   261  0096                     	;# 
   262  0097                     	;# 
   263  0098                     	;# 
   264  0099                     	;# 
   265  009A                     	;# 
   266  009B                     	;# 
   267  009C                     	;# 
   268  009D                     	;# 
   269  009E                     	;# 
   270  009F                     	;# 
   271  0105                     	;# 
   272  0107                     	;# 
   273  0108                     	;# 
   274  0109                     	;# 
   275  010C                     	;# 
   276  010C                     	;# 
   277  010D                     	;# 
   278  010E                     	;# 
   279  010F                     	;# 
   280  0185                     	;# 
   281  0187                     	;# 
   282  0188                     	;# 
   283  0189                     	;# 
   284  018C                     	;# 
   285  018D                     	;# 
   286  0000                     	;# 
   287  0001                     	;# 
   288  0002                     	;# 
   289  0003                     	;# 
   290  0004                     	;# 
   291  0005                     	;# 
   292  0006                     	;# 
   293  0007                     	;# 
   294  0008                     	;# 
   295  0009                     	;# 
   296  000A                     	;# 
   297  000B                     	;# 
   298  000C                     	;# 
   299  000D                     	;# 
   300  000E                     	;# 
   301  000E                     	;# 
   302  000F                     	;# 
   303  0010                     	;# 
   304  0011                     	;# 
   305  0012                     	;# 
   306  0013                     	;# 
   307  0014                     	;# 
   308  0015                     	;# 
   309  0015                     	;# 
   310  0016                     	;# 
   311  0017                     	;# 
   312  0018                     	;# 
   313  0019                     	;# 
   314  001A                     	;# 
   315  001B                     	;# 
   316  001B                     	;# 
   317  001C                     	;# 
   318  001D                     	;# 
   319  001E                     	;# 
   320  001F                     	;# 
   321  0081                     	;# 
   322  0085                     	;# 
   323  0086                     	;# 
   324  0087                     	;# 
   325  0088                     	;# 
   326  0089                     	;# 
   327  008C                     	;# 
   328  008D                     	;# 
   329  008E                     	;# 
   330  008F                     	;# 
   331  0090                     	;# 
   332  0091                     	;# 
   333  0092                     	;# 
   334  0093                     	;# 
   335  0093                     	;# 
   336  0093                     	;# 
   337  0094                     	;# 
   338  0095                     	;# 
   339  0096                     	;# 
   340  0097                     	;# 
   341  0098                     	;# 
   342  0099                     	;# 
   343  009A                     	;# 
   344  009B                     	;# 
   345  009C                     	;# 
   346  009D                     	;# 
   347  009E                     	;# 
   348  009F                     	;# 
   349  0105                     	;# 
   350  0107                     	;# 
   351  0108                     	;# 
   352  0109                     	;# 
   353  010C                     	;# 
   354  010C                     	;# 
   355  010D                     	;# 
   356  010E                     	;# 
   357  010F                     	;# 
   358  0185                     	;# 
   359  0187                     	;# 
   360  0188                     	;# 
   361  0189                     	;# 
   362  018C                     	;# 
   363  018D                     	;# 
   364  0000                     	;# 
   365  0001                     	;# 
   366  0002                     	;# 
   367  0003                     	;# 
   368  0004                     	;# 
   369  0005                     	;# 
   370  0006                     	;# 
   371  0007                     	;# 
   372  0008                     	;# 
   373  0009                     	;# 
   374  000A                     	;# 
   375  000B                     	;# 
   376  000C                     	;# 
   377  000D                     	;# 
   378  000E                     	;# 
   379  000E                     	;# 
   380  000F                     	;# 
   381  0010                     	;# 
   382  0011                     	;# 
   383  0012                     	;# 
   384  0013                     	;# 
   385  0014                     	;# 
   386  0015                     	;# 
   387  0015                     	;# 
   388  0016                     	;# 
   389  0017                     	;# 
   390  0018                     	;# 
   391  0019                     	;# 
   392  001A                     	;# 
   393  001B                     	;# 
   394  001B                     	;# 
   395  001C                     	;# 
   396  001D                     	;# 
   397  001E                     	;# 
   398  001F                     	;# 
   399  0081                     	;# 
   400  0085                     	;# 
   401  0086                     	;# 
   402  0087                     	;# 
   403  0088                     	;# 
   404  0089                     	;# 
   405  008C                     	;# 
   406  008D                     	;# 
   407  008E                     	;# 
   408  008F                     	;# 
   409  0090                     	;# 
   410  0091                     	;# 
   411  0092                     	;# 
   412  0093                     	;# 
   413  0093                     	;# 
   414  0093                     	;# 
   415  0094                     	;# 
   416  0095                     	;# 
   417  0096                     	;# 
   418  0097                     	;# 
   419  0098                     	;# 
   420  0099                     	;# 
   421  009A                     	;# 
   422  009B                     	;# 
   423  009C                     	;# 
   424  009D                     	;# 
   425  009E                     	;# 
   426  009F                     	;# 
   427  0105                     	;# 
   428  0107                     	;# 
   429  0108                     	;# 
   430  0109                     	;# 
   431  010C                     	;# 
   432  010C                     	;# 
   433  010D                     	;# 
   434  010E                     	;# 
   435  010F                     	;# 
   436  0185                     	;# 
   437  0187                     	;# 
   438  0188                     	;# 
   439  0189                     	;# 
   440  018C                     	;# 
   441  018D                     	;# 
   442  0000                     	;# 
   443  0001                     	;# 
   444  0002                     	;# 
   445  0003                     	;# 
   446  0004                     	;# 
   447  0005                     	;# 
   448  0006                     	;# 
   449  0007                     	;# 
   450  0008                     	;# 
   451  0009                     	;# 
   452  000A                     	;# 
   453  000B                     	;# 
   454  000C                     	;# 
   455  000D                     	;# 
   456  000E                     	;# 
   457  000E                     	;# 
   458  000F                     	;# 
   459  0010                     	;# 
   460  0011                     	;# 
   461  0012                     	;# 
   462  0013                     	;# 
   463  0014                     	;# 
   464  0015                     	;# 
   465  0015                     	;# 
   466  0016                     	;# 
   467  0017                     	;# 
   468  0018                     	;# 
   469  0019                     	;# 
   470  001A                     	;# 
   471  001B                     	;# 
   472  001B                     	;# 
   473  001C                     	;# 
   474  001D                     	;# 
   475  001E                     	;# 
   476  001F                     	;# 
   477  0081                     	;# 
   478  0085                     	;# 
   479  0086                     	;# 
   480  0087                     	;# 
   481  0088                     	;# 
   482  0089                     	;# 
   483  008C                     	;# 
   484  008D                     	;# 
   485  008E                     	;# 
   486  008F                     	;# 
   487  0090                     	;# 
   488  0091                     	;# 
   489  0092                     	;# 
   490  0093                     	;# 
   491  0093                     	;# 
   492  0093                     	;# 
   493  0094                     	;# 
   494  0095                     	;# 
   495  0096                     	;# 
   496  0097                     	;# 
   497  0098                     	;# 
   498  0099                     	;# 
   499  009A                     	;# 
   500  009B                     	;# 
   501  009C                     	;# 
   502  009D                     	;# 
   503  009E                     	;# 
   504  009F                     	;# 
   505  0105                     	;# 
   506  0107                     	;# 
   507  0108                     	;# 
   508  0109                     	;# 
   509  010C                     	;# 
   510  010C                     	;# 
   511  010D                     	;# 
   512  010E                     	;# 
   513  010F                     	;# 
   514  0185                     	;# 
   515  0187                     	;# 
   516  0188                     	;# 
   517  0189                     	;# 
   518  018C                     	;# 
   519  018D                     	;# 
   520  000E                     _TMR1	set	14
   521  0015                     _CCPR1L	set	21
   522  0017                     _CCP1CONbits	set	23
   523  0010                     _T1CONbits	set	16
   524  0001                     _TMR0	set	1
   525  000C                     _PIR1bits	set	12
   526  000B                     _INTCONbits	set	11
   527  0012                     _T2CONbits	set	18
   528  0092                     _TMR2ON	set	146
   529  0092                     _PR2	set	146
   530  008C                     _PIE1bits	set	140
   531  0096                     _IOCBbits	set	150
   532  0081                     _OPTION_REGbits	set	129
   533  0087                     _TRISCbits	set	135
   534  0088                     _TRISDbits	set	136
   535  0086                     _TRISBbits	set	134
   536  0085                     _TRISAbits	set	133
   537  0089                     _TRISEbits	set	137
   538  040D                     _T0CS	set	1037
   539  040B                     _PSA	set	1035
   540  0189                     _ANSELH	set	393
   541  0188                     _ANSEL	set	392
   542                           
   543                           	psect	cinit
   544  07FA                     start_initialization:	
   545                           ; #config settings
   546                           
   547  07FA                     __initialization:
   548                           
   549                           ; Clear objects allocated to COMMON
   550  07FA  01F8               	clrf	__pbssCOMMON& (0+127)
   551  07FB  01F9               	clrf	(__pbssCOMMON+1)& (0+127)
   552  07FC                     end_of_initialization:	
   553                           ;End of C runtime variable initialization code
   554                           
   555  07FC                     __end_of__initialization:
   556  07FC  0183               	clrf	3
   557  07FD  120A  118A  2FCD   	ljmp	_main	;jump to C main() function
   558                           
   559                           	psect	bssCOMMON
   560  0078                     __pbssCOMMON:
   561  0078                     _i:
   562  0078                     	ds	2
   563                           
   564                           	psect	cstackCOMMON
   565  0071                     __pcstackCOMMON:
   566  0071                     ?_GBS_Interrupt_Init:
   567  0071                     ?_GBS_T0I_Config:	
   568                           ; 1 bytes @ 0x0
   569                           
   570  0071                     ?_GBS_Interrupt_Enable:	
   571                           ; 1 bytes @ 0x0
   572                           
   573  0071                     ?_T0I_ISR:	
   574                           ; 1 bytes @ 0x0
   575                           
   576  0071                     ??_T0I_ISR:	
   577                           ; 1 bytes @ 0x0
   578                           
   579  0071                     ?_ISR:	
   580                           ; 1 bytes @ 0x0
   581                           
   582  0071                     ??_ISR:	
   583                           ; 1 bytes @ 0x0
   584                           
   585  0071                     ?_main:	
   586                           ; 1 bytes @ 0x0
   587                           
   588                           
   589                           ; 2 bytes @ 0x0
   590  0071                     	ds	3
   591  0074                     ?_GBS_Timer0_Config:
   592  0074                     ??_GBS_T0I_Config:	
   593                           ; 1 bytes @ 0x3
   594                           
   595  0074                     ??_GBS_Interrupt_Enable:	
   596                           ; 1 bytes @ 0x3
   597                           
   598  0074                     GBS_T0I_Config@mode:	
   599                           ; 1 bytes @ 0x3
   600                           
   601  0074                     GBS_Timer0_Config@timer0:	
   602                           ; 1 bytes @ 0x3
   603                           
   604                           
   605                           ; 1 bytes @ 0x3
   606  0074                     	ds	1
   607  0075                     ??_GBS_Interrupt_Init:
   608  0075                     ??_GBS_Timer0_Config:	
   609                           ; 1 bytes @ 0x4
   610                           
   611  0075                     GBS_Timer0_Config@prescaler:	
   612                           ; 1 bytes @ 0x4
   613                           
   614                           
   615                           ; 1 bytes @ 0x4
   616  0075                     	ds	1
   617  0076                     ??_main:
   618                           
   619                           ; 1 bytes @ 0x5
   620  0076                     	ds	2
   621                           
   622                           	psect	maintext
   623  07CD                     __pmaintext:	
   624 ;;
   625 ;;Main: autosize = 0, tempsize = 2, incstack = 0, save=0
   626 ;;
   627 ;; *************** function _main *****************
   628 ;; Defined at:
   629 ;;		line 9 in file "../test.c"
   630 ;; Parameters:    Size  Location     Type
   631 ;;		None
   632 ;; Auto vars:     Size  Location     Type
   633 ;;		None
   634 ;; Return value:  Size  Location     Type
   635 ;;                  2   14[None  ] int 
   636 ;; Registers used:
   637 ;;		wreg, status,2, status,0, btemp+1, pclath, cstack
   638 ;; Tracked objects:
   639 ;;		On entry : B00/0
   640 ;;		On exit  : 0/0
   641 ;;		Unchanged: 0/0
   642 ;; Data sizes:     COMMON   BANK0   BANK1   BANK3   BANK2
   643 ;;      Params:         0       0       0       0       0
   644 ;;      Locals:         0       0       0       0       0
   645 ;;      Temps:          2       0       0       0       0
   646 ;;      Totals:         2       0       0       0       0
   647 ;;Total ram usage:        2 bytes
   648 ;; Hardware stack levels required when called:    4
   649 ;; This function calls:
   650 ;;		_GBS_Interrupt_Init
   651 ;;		_GBS_Timer0_Config
   652 ;; This function is called by:
   653 ;;		Startup code after reset
   654 ;; This function uses a non-reentrant model
   655 ;;
   656                           
   657                           
   658                           ;psect for function _main
   659  07CD                     _main:
   660  07CD                     l867:	
   661                           ;incstack = 0
   662                           ; Regs used in _main: [wreg+status,2+status,0+btemp+1+pclath+cstack]
   663                           
   664                           
   665                           ;../test.c: 11:     GBS_Interrupt_Init();
   666  07CD  120A  118A  2786  120A  118A  	fcall	_GBS_Interrupt_Init
   667                           
   668                           ;../test.c: 12:     GBS_Timer0_Config(TIM0_PS2, 0);
   669  07D2  01F4               	clrf	GBS_Timer0_Config@timer0
   670  07D3  3000               	movlw	0
   671  07D4  120A  118A  2792  120A  118A  	fcall	_GBS_Timer0_Config
   672  07D9                     l869:
   673                           
   674                           ;../test.c: 16:     {;../test.c: 24:         if (i>50)
   675  07D9  0879               	movf	_i+1,w
   676  07DA  3A80               	xorlw	128
   677  07DB  00FF               	movwf	btemp+1
   678  07DC  3080               	movlw	128
   679  07DD  027F               	subwf	btemp+1,w
   680  07DE  1D03               	skipz
   681  07DF  2FE2               	goto	u65
   682  07E0  3033               	movlw	51
   683  07E1  0278               	subwf	_i,w
   684  07E2                     u65:
   685  07E2  1C03               	skipc
   686  07E3  2FE5               	goto	u61
   687  07E4  2FE6               	goto	u60
   688  07E5                     u61:
   689  07E5  2FF3               	goto	l16
   690  07E6                     u60:
   691  07E6                     l871:
   692                           
   693                           ;../test.c: 25:         {;../test.c: 26:             TRISEbits.TRISE0 = 1;
   694  07E6  1683               	bsf	3,5	;RP0=1, select bank1
   695  07E7  1303               	bcf	3,6	;RP1=0, select bank1
   696  07E8  1409               	bsf	9,0	;volatile
   697  07E9                     l873:
   698                           
   699                           ;../test.c: 27:             _delay((unsigned long)((1)*(11059200/4000.0)));
   700  07E9  3004               	movlw	4
   701  07EA  00F7               	movwf	??_main+1
   702  07EB  3095               	movlw	149
   703  07EC  00F6               	movwf	??_main
   704  07ED                     u77:
   705  07ED  0BF6               	decfsz	??_main,f
   706  07EE  2FED               	goto	u77
   707  07EF  0BF7               	decfsz	??_main+1,f
   708  07F0  2FED               	goto	u77
   709  07F1  2FF2               	nop2
   710                           
   711                           ;../test.c: 28:         }
   712  07F2  2FD9               	goto	l869
   713  07F3                     l16:	
   714                           ;../test.c: 29:         else
   715                           
   716                           
   717                           ;../test.c: 30:         {;../test.c: 31:             TRISEbits.TRISE0 = 0;
   718  07F3  1683               	bsf	3,5	;RP0=1, select bank1
   719  07F4  1303               	bcf	3,6	;RP1=0, select bank1
   720  07F5  1009               	bcf	9,0	;volatile
   721  07F6  2FE9               	goto	l873
   722  07F7  120A  118A  2810   	ljmp	start
   723  07FA                     __end_of_main:
   724                           
   725                           	psect	text1
   726  0792                     __ptext1:	
   727 ;; *************** function _GBS_Timer0_Config *****************
   728 ;; Defined at:
   729 ;;		line 9 in file "../gbs8/bsp/scr/gbs8_timer.c"
   730 ;; Parameters:    Size  Location     Type
   731 ;;  prescaler       1    wreg     unsigned char 
   732 ;;  timer0          1    3[COMMON] unsigned char 
   733 ;; Auto vars:     Size  Location     Type
   734 ;;  prescaler       1    4[COMMON] unsigned char 
   735 ;; Return value:  Size  Location     Type
   736 ;;                  1    wreg      void 
   737 ;; Registers used:
   738 ;;		wreg, status,2, status,0
   739 ;; Tracked objects:
   740 ;;		On entry : 0/0
   741 ;;		On exit  : 0/0
   742 ;;		Unchanged: 0/0
   743 ;; Data sizes:     COMMON   BANK0   BANK1   BANK3   BANK2
   744 ;;      Params:         1       0       0       0       0
   745 ;;      Locals:         1       0       0       0       0
   746 ;;      Temps:          0       0       0       0       0
   747 ;;      Totals:         2       0       0       0       0
   748 ;;Total ram usage:        2 bytes
   749 ;; Hardware stack levels used:    1
   750 ;; Hardware stack levels required when called:    2
   751 ;; This function calls:
   752 ;;		Nothing
   753 ;; This function is called by:
   754 ;;		_main
   755 ;; This function uses a non-reentrant model
   756 ;;
   757                           
   758                           
   759                           ;psect for function _GBS_Timer0_Config
   760  0792                     _GBS_Timer0_Config:
   761                           
   762                           ;incstack = 0
   763                           ; Regs used in _GBS_Timer0_Config: [wreg+status,2+status,0]
   764                           ;GBS_Timer0_Config@prescaler stored from wreg
   765  0792  00F5               	movwf	GBS_Timer0_Config@prescaler
   766  0793                     l861:
   767                           
   768                           ;../gbs8/bsp/scr/gbs8_timer.c: 9: void GBS_Timer0_Config(uint8_t prescaler, uint8_t time
      +                          r0);../gbs8/bsp/scr/gbs8_timer.c: 10: {;../gbs8/bsp/scr/gbs8_timer.c: 13:     PSA = 0;
   769  0793  1683               	bsf	3,5	;RP0=1, select bank1
   770  0794  1303               	bcf	3,6	;RP1=0, select bank1
   771  0795  1181               	bcf	1,3	;volatile
   772                           
   773                           ;../gbs8/bsp/scr/gbs8_timer.c: 14:     T0CS = 0;
   774  0796  1281               	bcf	1,5	;volatile
   775  0797                     l863:
   776                           
   777                           ;../gbs8/bsp/scr/gbs8_timer.c: 25:     OPTION_REGbits.PS = prescaler;
   778  0797  0801               	movf	1,w	;volatile
   779  0798  0675               	xorwf	GBS_Timer0_Config@prescaler,w
   780  0799  39F8               	andlw	-8
   781  079A  0675               	xorwf	GBS_Timer0_Config@prescaler,w
   782  079B  0081               	movwf	1	;volatile
   783  079C                     l865:
   784                           
   785                           ;../gbs8/bsp/scr/gbs8_timer.c: 26:     TMR0 = timer0;
   786  079C  0874               	movf	GBS_Timer0_Config@timer0,w
   787  079D  1283               	bcf	3,5	;RP0=0, select bank0
   788  079E  1303               	bcf	3,6	;RP1=0, select bank0
   789  079F  0081               	movwf	1	;volatile
   790  07A0                     l130:
   791  07A0  0008               	return
   792  07A1                     __end_of_GBS_Timer0_Config:
   793                           
   794                           	psect	text2
   795  0786                     __ptext2:	
   796 ;; *************** function _GBS_Interrupt_Init *****************
   797 ;; Defined at:
   798 ;;		line 6 in file "../gbs8/bsp/scr/gbs8_interrupt.c"
   799 ;; Parameters:    Size  Location     Type
   800 ;;		None
   801 ;; Auto vars:     Size  Location     Type
   802 ;;		None
   803 ;; Return value:  Size  Location     Type
   804 ;;                  1    wreg      void 
   805 ;; Registers used:
   806 ;;		wreg, status,2, status,0, pclath, cstack
   807 ;; Tracked objects:
   808 ;;		On entry : 0/0
   809 ;;		On exit  : 0/0
   810 ;;		Unchanged: 0/0
   811 ;; Data sizes:     COMMON   BANK0   BANK1   BANK3   BANK2
   812 ;;      Params:         0       0       0       0       0
   813 ;;      Locals:         0       0       0       0       0
   814 ;;      Temps:          0       0       0       0       0
   815 ;;      Totals:         0       0       0       0       0
   816 ;;Total ram usage:        0 bytes
   817 ;; Hardware stack levels used:    1
   818 ;; Hardware stack levels required when called:    3
   819 ;; This function calls:
   820 ;;		_GBS_Interrupt_Enable
   821 ;;		_GBS_T0I_Config
   822 ;; This function is called by:
   823 ;;		_main
   824 ;; This function uses a non-reentrant model
   825 ;;
   826                           
   827                           
   828                           ;psect for function _GBS_Interrupt_Init
   829  0786                     _GBS_Interrupt_Init:
   830  0786                     l737:	
   831                           ;incstack = 0
   832                           ; Regs used in _GBS_Interrupt_Init: [wreg+status,2+status,0+pclath+cstack]
   833                           
   834                           
   835                           ;../gbs8/bsp/scr/gbs8_interrupt.c: 15:     GBS_T0I_Config(1);
   836  0786  3001               	movlw	1
   837  0787  120A  118A  277E  120A  118A  	fcall	_GBS_T0I_Config
   838  078C                     l739:
   839                           
   840                           ;../gbs8/bsp/scr/gbs8_interrupt.c: 20:     GBS_Interrupt_Enable();
   841  078C  120A  118A  277B  120A  118A  	fcall	_GBS_Interrupt_Enable
   842  0791                     l71:
   843  0791  0008               	return
   844  0792                     __end_of_GBS_Interrupt_Init:
   845                           
   846                           	psect	text3
   847  077E                     __ptext3:	
   848 ;; *************** function _GBS_T0I_Config *****************
   849 ;; Defined at:
   850 ;;		line 67 in file "../gbs8/bsp/scr/gbs8_interrupt.c"
   851 ;; Parameters:    Size  Location     Type
   852 ;;  mode            1    wreg     unsigned char 
   853 ;; Auto vars:     Size  Location     Type
   854 ;;  mode            1    3[COMMON] unsigned char 
   855 ;; Return value:  Size  Location     Type
   856 ;;                  1    wreg      void 
   857 ;; Registers used:
   858 ;;		wreg, status,0
   859 ;; Tracked objects:
   860 ;;		On entry : 0/0
   861 ;;		On exit  : 0/0
   862 ;;		Unchanged: 0/0
   863 ;; Data sizes:     COMMON   BANK0   BANK1   BANK3   BANK2
   864 ;;      Params:         0       0       0       0       0
   865 ;;      Locals:         1       0       0       0       0
   866 ;;      Temps:          0       0       0       0       0
   867 ;;      Totals:         1       0       0       0       0
   868 ;;Total ram usage:        1 bytes
   869 ;; Hardware stack levels used:    1
   870 ;; Hardware stack levels required when called:    2
   871 ;; This function calls:
   872 ;;		Nothing
   873 ;; This function is called by:
   874 ;;		_GBS_Interrupt_Init
   875 ;; This function uses a non-reentrant model
   876 ;;
   877                           
   878                           
   879                           ;psect for function _GBS_T0I_Config
   880  077E                     _GBS_T0I_Config:
   881                           
   882                           ;incstack = 0
   883                           ; Regs used in _GBS_T0I_Config: [wreg+status,0]
   884                           ;GBS_T0I_Config@mode stored from wreg
   885  077E  00F4               	movwf	GBS_T0I_Config@mode
   886  077F                     l731:
   887                           
   888                           ;../gbs8/bsp/scr/gbs8_interrupt.c: 67: void GBS_T0I_Config(uint8_t mode);../gbs8/bsp/scr
      +                          /gbs8_interrupt.c: 68: {;../gbs8/bsp/scr/gbs8_interrupt.c: 69:     INTCONbits.T0IF = 0;
   889  077F  110B               	bcf	11,2	;volatile
   890  0780                     l733:
   891                           
   892                           ;../gbs8/bsp/scr/gbs8_interrupt.c: 70:     INTCONbits.T0IE = mode;
   893  0780  0C74               	rrf	GBS_T0I_Config@mode,w
   894  0781  1C03               	skipc
   895  0782  128B               	bcf	11,5	;volatile
   896  0783  1803               	skipnc
   897  0784  168B               	bsf	11,5	;volatile
   898  0785                     l86:
   899  0785  0008               	return
   900  0786                     __end_of_GBS_T0I_Config:
   901                           
   902                           	psect	text4
   903  077B                     __ptext4:	
   904 ;; *************** function _GBS_Interrupt_Enable *****************
   905 ;; Defined at:
   906 ;;		line 23 in file "../gbs8/bsp/scr/gbs8_interrupt.c"
   907 ;; Parameters:    Size  Location     Type
   908 ;;		None
   909 ;; Auto vars:     Size  Location     Type
   910 ;;		None
   911 ;; Return value:  Size  Location     Type
   912 ;;                  1    wreg      void 
   913 ;; Registers used:
   914 ;;		None
   915 ;; Tracked objects:
   916 ;;		On entry : 0/0
   917 ;;		On exit  : 0/0
   918 ;;		Unchanged: 0/0
   919 ;; Data sizes:     COMMON   BANK0   BANK1   BANK3   BANK2
   920 ;;      Params:         0       0       0       0       0
   921 ;;      Locals:         0       0       0       0       0
   922 ;;      Temps:          0       0       0       0       0
   923 ;;      Totals:         0       0       0       0       0
   924 ;;Total ram usage:        0 bytes
   925 ;; Hardware stack levels used:    1
   926 ;; Hardware stack levels required when called:    2
   927 ;; This function calls:
   928 ;;		Nothing
   929 ;; This function is called by:
   930 ;;		_GBS_Interrupt_Init
   931 ;; This function uses a non-reentrant model
   932 ;;
   933                           
   934                           
   935                           ;psect for function _GBS_Interrupt_Enable
   936  077B                     _GBS_Interrupt_Enable:
   937  077B                     l735:	
   938                           ;incstack = 0
   939                           ; Regs used in _GBS_Interrupt_Enable: []
   940                           
   941                           
   942                           ;../gbs8/bsp/scr/gbs8_interrupt.c: 25:     INTCONbits.PEIE = 1;
   943  077B  170B               	bsf	11,6	;volatile
   944                           
   945                           ;../gbs8/bsp/scr/gbs8_interrupt.c: 26:     INTCONbits.GIE = 1;
   946  077C  178B               	bsf	11,7	;volatile
   947  077D                     l74:
   948  077D  0008               	return
   949  077E                     __end_of_GBS_Interrupt_Enable:
   950                           
   951                           	psect	text5
   952  07A1                     __ptext5:	
   953 ;; *************** function _ISR *****************
   954 ;; Defined at:
   955 ;;		line 87 in file "../gbs8/bsp/scr/gbs8_interrupt.c"
   956 ;; Parameters:    Size  Location     Type
   957 ;;		None
   958 ;; Auto vars:     Size  Location     Type
   959 ;;		None
   960 ;; Return value:  Size  Location     Type
   961 ;;                  1    wreg      void 
   962 ;; Registers used:
   963 ;;		wreg, status,2, status,0, btemp+1, pclath, cstack
   964 ;; Tracked objects:
   965 ;;		On entry : 0/0
   966 ;;		On exit  : 0/0
   967 ;;		Unchanged: 0/0
   968 ;; Data sizes:     COMMON   BANK0   BANK1   BANK3   BANK2
   969 ;;      Params:         0       0       0       0       0
   970 ;;      Locals:         0       0       0       0       0
   971 ;;      Temps:          3       0       0       0       0
   972 ;;      Totals:         3       0       0       0       0
   973 ;;Total ram usage:        3 bytes
   974 ;; Hardware stack levels used:    1
   975 ;; Hardware stack levels required when called:    1
   976 ;; This function calls:
   977 ;;		_T0I_ISR
   978 ;; This function is called by:
   979 ;;		Interrupt level 1
   980 ;; This function uses a non-reentrant model
   981 ;;
   982                           
   983                           
   984                           ;psect for function _ISR
   985  07A1                     _ISR:
   986  07A1                     i1l825:
   987                           
   988                           ;../gbs8/bsp/scr/gbs8_interrupt.c: 106:     if (INTCONbits.T0IF)
   989  07A1  1D0B               	btfss	11,2	;volatile
   990  07A2  2FA4               	goto	u3_21
   991  07A3  2FA5               	goto	u3_20
   992  07A4                     u3_21:
   993  07A4  2FAB               	goto	i1l98
   994  07A5                     u3_20:
   995  07A5                     i1l827:
   996                           
   997                           ;../gbs8/bsp/scr/gbs8_interrupt.c: 107:     {;../gbs8/bsp/scr/gbs8_interrupt.c: 108:    
      +                               T0I_ISR();
   998  07A5  120A  118A  27B6  120A  118A  	fcall	_T0I_ISR
   999  07AA                     i1l829:
  1000                           
  1001                           ;../gbs8/bsp/scr/gbs8_interrupt.c: 112:         INTCONbits.T0IF = 0;
  1002  07AA  110B               	bcf	11,2	;volatile
  1003  07AB                     i1l98:
  1004  07AB  0873               	movf	??_ISR+2,w
  1005  07AC  1283               	bcf	3,5	;RP0=0, select bank0
  1006  07AD  1303               	bcf	3,6	;RP1=0, select bank0
  1007  07AE  00FF               	movwf	btemp+1
  1008  07AF  0872               	movf	??_ISR+1,w
  1009  07B0  008A               	movwf	10
  1010  07B1  0E71               	swapf	??_ISR^(0+4294967168),w
  1011  07B2  0083               	movwf	3
  1012  07B3  0EFE               	swapf	btemp,f
  1013  07B4  0E7E               	swapf	btemp,w
  1014  07B5  0009               	retfie
  1015  07B6                     __end_of_ISR:
  1016                           
  1017                           	psect	intentry
  1018  0004                     __pintentry:	
  1019                           ;incstack = 0
  1020                           ; Regs used in _ISR: [wreg+status,2+status,0+btemp+1+pclath+cstack]
  1021                           
  1022  0004                     interrupt_function:
  1023  007E                     saved_w	set	btemp
  1024  0004  00FE               	movwf	btemp
  1025  0005  0E03               	swapf	3,w
  1026  0006  00F1               	movwf	??_ISR
  1027  0007  080A               	movf	10,w
  1028  0008  00F2               	movwf	??_ISR+1
  1029  0009  1283               	bcf	3,5	;RP0=0, select bank0
  1030  000A  1303               	bcf	3,6	;RP1=0, select bank0
  1031  000B  087F               	movf	btemp+1,w
  1032  000C  00F3               	movwf	??_ISR+2
  1033  000D  120A  118A  2FA1   	ljmp	_ISR
  1034                           
  1035                           	psect	text6
  1036  07B6                     __ptext6:	
  1037 ;; *************** function _T0I_ISR *****************
  1038 ;; Defined at:
  1039 ;;		line 38 in file "../test.c"
  1040 ;; Parameters:    Size  Location     Type
  1041 ;;		None
  1042 ;; Auto vars:     Size  Location     Type
  1043 ;;		None
  1044 ;; Return value:  Size  Location     Type
  1045 ;;                  1    wreg      void 
  1046 ;; Registers used:
  1047 ;;		wreg, status,2, btemp+1
  1048 ;; Tracked objects:
  1049 ;;		On entry : 0/0
  1050 ;;		On exit  : 0/0
  1051 ;;		Unchanged: 0/0
  1052 ;; Data sizes:     COMMON   BANK0   BANK1   BANK3   BANK2
  1053 ;;      Params:         0       0       0       0       0
  1054 ;;      Locals:         0       0       0       0       0
  1055 ;;      Temps:          0       0       0       0       0
  1056 ;;      Totals:         0       0       0       0       0
  1057 ;;Total ram usage:        0 bytes
  1058 ;; Hardware stack levels used:    1
  1059 ;; This function calls:
  1060 ;;		Nothing
  1061 ;; This function is called by:
  1062 ;;		_ISR
  1063 ;; This function uses a non-reentrant model
  1064 ;;
  1065                           
  1066                           
  1067                           ;psect for function _T0I_ISR
  1068  07B6                     _T0I_ISR:
  1069  07B6                     i1l747:	
  1070                           ;incstack = 0
  1071                           ; Regs used in _T0I_ISR: [wreg+status,2+btemp+1]
  1072                           
  1073                           
  1074                           ;../test.c: 40:     if (i>100)
  1075  07B6  0879               	movf	_i+1,w
  1076  07B7  3A80               	xorlw	128
  1077  07B8  00FF               	movwf	btemp+1
  1078  07B9  3080               	movlw	128
  1079  07BA  027F               	subwf	btemp+1,w
  1080  07BB  1D03               	skipz
  1081  07BC  2FBF               	goto	u1_25
  1082  07BD  3065               	movlw	101
  1083  07BE  0278               	subwf	_i,w
  1084  07BF                     u1_25:
  1085  07BF  1C03               	skipc
  1086  07C0  2FC2               	goto	u1_21
  1087  07C1  2FC3               	goto	u1_20
  1088  07C2                     u1_21:
  1089  07C2  2FC6               	goto	i1l751
  1090  07C3                     u1_20:
  1091  07C3                     i1l749:
  1092                           
  1093                           ;../test.c: 41:     {;../test.c: 42:         i = 0;
  1094  07C3  01F8               	clrf	_i
  1095  07C4  01F9               	clrf	_i+1
  1096                           
  1097                           ;../test.c: 46:     }
  1098  07C5  2FCC               	goto	i1l25
  1099  07C6                     i1l751:
  1100                           
  1101                           ;../test.c: 48:     {;../test.c: 52:         i++;
  1102  07C6  3001               	movlw	1
  1103  07C7  07F8               	addwf	_i,f
  1104  07C8  1803               	skipnc
  1105  07C9  0AF9               	incf	_i+1,f
  1106  07CA  3000               	movlw	0
  1107  07CB  07F9               	addwf	_i+1,f
  1108  07CC                     i1l25:
  1109  07CC  0008               	return
  1110  07CD                     __end_of_T0I_ISR:
  1111  007E                     btemp	set	126	;btemp
  1112  007E                     wtemp0	set	126
  1113                           
  1114                           	psect	config
  1115                           
  1116                           ;Config register CONFIG1 @ 0x2007
  1117                           ;	Oscillator Selection bits
  1118                           ;	FOSC = HS, HS oscillator: High-speed crystal/resonator on RA6/OSC2/CLKOUT and RA7/OSC1
      +                          /CLKIN
  1119                           ;	Watchdog Timer Enable bit
  1120                           ;	WDTE = OFF, WDT disabled and can be enabled by SWDTEN bit of the WDTCON register
  1121                           ;	Power-up Timer Enable bit
  1122                           ;	PWRTE = OFF, PWRT disabled
  1123                           ;	RE3/MCLR pin function select bit
  1124                           ;	MCLRE = ON, RE3/MCLR pin function is MCLR
  1125                           ;	Code Protection bit
  1126                           ;	CP = OFF, Program memory code protection is disabled
  1127                           ;	Data Code Protection bit
  1128                           ;	CPD = OFF, Data memory code protection is disabled
  1129                           ;	Brown Out Reset Selection bits
  1130                           ;	BOREN = OFF, BOR disabled
  1131                           ;	Internal External Switchover bit
  1132                           ;	IESO = OFF, Internal/External Switchover mode is disabled
  1133                           ;	Fail-Safe Clock Monitor Enabled bit
  1134                           ;	FCMEN = OFF, Fail-Safe Clock Monitor is disabled
  1135                           ;	Low Voltage Programming Enable bit
  1136                           ;	LVP = OFF, RB3 pin has digital I/O, HV on MCLR must be used for programming
  1137                           ;	In-Circuit Debugger Mode bit
  1138                           ;	DEBUG = 0x1, unprogrammed default
  1139  2007                     	org	8199
  1140  2007  20F2               	dw	8434
  1141                           
  1142                           ;Config register CONFIG2 @ 0x2008
  1143                           ;	Brown-out Reset Selection bit
  1144                           ;	BOR4V = BOR21V, Brown-out Reset set to 2.1V
  1145                           ;	Flash Program Memory Self Write Enable bits
  1146                           ;	WRT = OFF, Write protection off
  1147  2008                     	org	8200
  1148  2008  3EFF               	dw	16127

Data Sizes:
    Strings     0
    Constant    0
    Data        0
    BSS         2
    Persistent  0
    Stack       0

Auto Spaces:
    Space          Size  Autos    Used
    COMMON           13      7       9
    BANK0            80      0       0
    BANK1            80      0       0
    BANK3            85      0       0
    BANK2            96      0       0

Pointer List with Targets:

    None.

Critical Paths under _main in COMMON

    _main->_GBS_Timer0_Config
    _GBS_Interrupt_Init->_GBS_T0I_Config

Critical Paths under _ISR in COMMON

    None.

Critical Paths under _main in BANK0

    None.

Critical Paths under _ISR in BANK0

    None.

Critical Paths under _main in BANK1

    None.

Critical Paths under _ISR in BANK1

    None.

Critical Paths under _main in BANK3

    None.

Critical Paths under _ISR in BANK3

    None.

Critical Paths under _main in BANK2

    None.

Critical Paths under _ISR in BANK2

    None.

Call Graph Tables:

 ---------------------------------------------------------------------------------
 (Depth) Function   	        Calls       Base Space   Used Autos Params    Refs
 ---------------------------------------------------------------------------------
 (0) _main                                                 2     2      0     135
                                              5 COMMON     2     2      0
                 _GBS_Interrupt_Init
                  _GBS_Timer0_Config
 ---------------------------------------------------------------------------------
 (1) _GBS_Timer0_Config                                    2     1      1     120
                                              3 COMMON     2     1      1
 ---------------------------------------------------------------------------------
 (1) _GBS_Interrupt_Init                                   0     0      0      15
               _GBS_Interrupt_Enable
                     _GBS_T0I_Config
 ---------------------------------------------------------------------------------
 (2) _GBS_T0I_Config                                       1     1      0      15
                                              3 COMMON     1     1      0
 ---------------------------------------------------------------------------------
 (2) _GBS_Interrupt_Enable                                 0     0      0       0
 ---------------------------------------------------------------------------------
 Estimated maximum stack depth 2
 ---------------------------------------------------------------------------------
 (Depth) Function   	        Calls       Base Space   Used Autos Params    Refs
 ---------------------------------------------------------------------------------
 (3) _ISR                                                  3     3      0       0
                                              0 COMMON     3     3      0
                            _T0I_ISR
 ---------------------------------------------------------------------------------
 (4) _T0I_ISR                                              0     0      0       0
 ---------------------------------------------------------------------------------
 Estimated maximum stack depth 4
 ---------------------------------------------------------------------------------

 Call Graph Graphs:

 _main (ROOT)
   _GBS_Interrupt_Init
     _GBS_Interrupt_Enable
     _GBS_T0I_Config
   _GBS_Timer0_Config

 _ISR (ROOT)
   _T0I_ISR

 Address spaces:
Name               Size   Autos  Total    Cost      Usage
BITCOMMON            D      0       0       0        0.0%
EEDATA             100      0       0       0        0.0%
NULL                 0      0       0       0        0.0%
CODE                 0      0       0       0        0.0%
COMMON               D      7       9       1       69.2%
BITSFR0              0      0       0       1        0.0%
SFR0                 0      0       0       1        0.0%
BITSFR1              0      0       0       2        0.0%
SFR1                 0      0       0       2        0.0%
STACK                0      0       0       2        0.0%
ABS                  0      0       9       3        0.0%
BITBANK0            50      0       0       4        0.0%
BITSFR3              0      0       0       4        0.0%
SFR3                 0      0       0       4        0.0%
BANK0               50      0       0       5        0.0%
BITSFR2              0      0       0       5        0.0%
SFR2                 0      0       0       5        0.0%
BITBANK1            50      0       0       6        0.0%
BANK1               50      0       0       7        0.0%
BITBANK3            55      0       0       8        0.0%
BANK3               55      0       0       9        0.0%
BITBANK2            60      0       0      10        0.0%
BANK2               60      0       0      11        0.0%
DATA                 0      0       9      12        0.0%


Microchip Technology PIC Macro Assembler V2.20 build 20200408173844 
Symbol Table                                                                                   Wed Oct 28 08:33:01 2020

                            _i 0078                             l16 07F3                             l71 0791  
                           l74 077D                             l86 0785                             u60 07E6  
                           u61 07E5                             u65 07E2                             u77 07ED  
                          l130 07A0                            l731 077F                            l733 0780  
                          l735 077B                            l737 0786                            l739 078C  
                          l861 0793                            l863 0797                            l871 07E6  
                          l865 079C                            l873 07E9                            l867 07CD  
                          l869 07D9                            _PR2 0092                            _ISR 07A1  
                          _PSA 040B                __end_of_T0I_ISR 07CD                           ?_ISR 0071  
                         _T0CS 040D                           i1l25 07CC                           i1l98 07AB  
                         _TMR0 0001                           _TMR1 000E                           u1_20 07C3  
                         u1_21 07C2                           u1_25 07BF                           u3_20 07A5  
                         u3_21 07A4                           _main 07CD                           btemp 007E  
                         start 0010                          ??_ISR 0071                          ?_main 0071  
                        _ANSEL 0188                          i1l751 07C6                          i1l825 07A1  
                        i1l747 07B6                          i1l827 07A5                          i1l749 07C3  
                        i1l829 07AA                          pclath 000A                          status 0003  
                        wtemp0 007E                __initialization 07FA                   __end_of_main 07FA  
                       ??_main 0076                      ??_T0I_ISR 0071                         _CCPR1L 0015  
   GBS_Timer0_Config@prescaler 0075                         _ANSELH 0189                         _TMR2ON 0092  
                       saved_w 007E   __end_of_GBS_Interrupt_Enable 077E        __end_of__initialization 07FC  
               __pcstackCOMMON 0071                 _OPTION_REGbits 0081        __size_of_GBS_T0I_Config 0008  
   __end_of_GBS_Interrupt_Init 0792                     __pmaintext 07CD                     __pintentry 0004  
                      _T0I_ISR 07B6           _GBS_Interrupt_Enable 077B                        __ptext1 0792  
                      __ptext2 0786                        __ptext3 077E                        __ptext4 077B  
                      __ptext5 07A1                        __ptext6 07B6                   __size_of_ISR 0015  
                    _T1CONbits 0010                      _T2CONbits 0012             GBS_T0I_Config@mode 0074  
         end_of_initialization 07FC          ?_GBS_Interrupt_Enable 0071                 _GBS_T0I_Config 077E  
                    _TRISAbits 0085                      _TRISBbits 0086                      _TRISCbits 0087  
                    _TRISDbits 0088                      _TRISEbits 0089                    _CCP1CONbits 0017  
       __end_of_GBS_T0I_Config 0786            start_initialization 07FA                    __end_of_ISR 07B6  
            _GBS_Timer0_Config 0792             ?_GBS_Timer0_Config 0074            ??_GBS_Timer0_Config 0075  
       ??_GBS_Interrupt_Enable 0074             _GBS_Interrupt_Init 0786            ?_GBS_Interrupt_Init 0071  
              ?_GBS_T0I_Config 0071                       ?_T0I_ISR 0071                    __pbssCOMMON 0078  
                    ___latbits 0002      __end_of_GBS_Timer0_Config 07A1           ??_GBS_Interrupt_Init 0075  
            interrupt_function 0004                       _IOCBbits 0096                       _PIE1bits 008C  
                     _PIR1bits 000C               __size_of_T0I_ISR 0017     __size_of_GBS_Timer0_Config 000F  
                __size_of_main 002D               ??_GBS_T0I_Config 0074                     _INTCONbits 000B  
                     intlevel1 0000  __size_of_GBS_Interrupt_Enable 0003    __size_of_GBS_Interrupt_Init 000C  
      GBS_Timer0_Config@timer0 0074  
