

Microchip MPLAB XC8 Assembler V2.20 build 20200408173844 
                                                                                               Wed Oct 28 11:29:52 2020

Microchip MPLAB XC8 C Compiler v2.20 (Free license) build 20200408173844 Og1 
     1                           	processor	16F887
     2                           	pagewidth 120
     3                           	opt	flic
     4                           	psect	cinit,global,class=CODE,merge=1,delta=2
     5                           	psect	bssCOMMON,global,class=COMMON,space=1,delta=1,noexec
     6                           	psect	cstackCOMMON,global,class=COMMON,space=1,delta=1,noexec
     7                           	psect	cstackBANK0,global,class=BANK0,space=1,delta=1,noexec
     8                           	psect	maintext,global,class=CODE,split=1,delta=2
     9                           	psect	text1,local,class=CODE,merge=1,delta=2
    10                           	psect	text2,local,class=CODE,merge=1,delta=2
    11                           	psect	text3,local,class=CODE,merge=1,delta=2
    12                           	psect	text4,local,class=CODE,merge=1,delta=2
    13                           	psect	text5,local,class=CODE,merge=1,delta=2
    14                           	psect	text6,local,class=CODE,merge=1,delta=2
    15                           	psect	text7,local,class=CODE,merge=1,delta=2
    16                           	psect	intentry,global,class=CODE,delta=2
    17                           	psect	text8,local,class=CODE,merge=1,delta=2
    18                           	psect	text9,local,class=CODE,merge=1,delta=2
    19                           	psect	text10,local,class=CODE,merge=1,delta=2
    20                           	psect	config,global,abs,ovrld,class=CONFIG,space=4,delta=2,noexec
    21                           	dabs	1,0x7E,2
    22  0000                     
    23                           ; Version 2.20
    24                           ; Generated 12/02/2020 GMT
    25                           ; 
    26                           ; Copyright © 2020, Microchip Technology Inc. and its subsidiaries ("Microchip")
    27                           ; All rights reserved.
    28                           ; 
    29                           ; This software is developed by Microchip Technology Inc. and its subsidiaries ("Microch
      +                          ip").
    30                           ; 
    31                           ; Redistribution and use in source and binary forms, with or without modification, are
    32                           ; permitted provided that the following conditions are met:
    33                           ; 
    34                           ;     1. Redistributions of source code must retain the above copyright notice, this lis
      +                          t of
    35                           ;        conditions and the following disclaimer.
    36                           ; 
    37                           ;     2. Redistributions in binary form must reproduce the above copyright notice, this 
      +                          list
    38                           ;        of conditions and the following disclaimer in the documentation and/or other
    39                           ;        materials provided with the distribution.
    40                           ; 
    41                           ;     3. Microchip's name may not be used to endorse or promote products derived from th
      +                          is
    42                           ;        software without specific prior written permission.
    43                           ; 
    44                           ; THIS SOFTWARE IS PROVIDED BY MICROCHIP "AS IS" AND ANY EXPRESS OR IMPLIED WARRANTIES,
    45                           ; INCLUDING, BUT NOT LIMITED TO, THE IMPLIED WARRANTIES OF MERCHANTABILITY AND FITNESS F
      +                          OR
    46                           ; PURPOSE ARE DISCLAIMED.  IN NO EVENT SHALL MICROCHIP BE LIABLE FOR ANY DIRECT, INDIREC
      +                          T,
    47                           ; INCIDENTAL, SPECIAL, EXEMPLARY, OR CONSEQUENTIAL DAMAGES (INCLUDING BUT NOT LIMITED TO
    48                           ; PROCUREMENT OF SUBSTITUTE GOODS OR SERVICES; LOSS OF USE, DATA OR PROFITS; OR BUSINESS
    49                           ; INTERRUPTION) HOWSOEVER CAUSED AND ON ANY THEORY OF LIABILITY, WHETHER IN CONTRACT, ST
      +                          RICT
    50                           ; LIABILITY, OR TORT (INCLUDING NEGLIGENCE OR OTHERWISE) ARISING IN ANY WAY OUT OF THE U
      +                          SE OF
    51                           ; THIS SOFTWARE, EVEN IF ADVISED OF THE POSSIBILITY OF SUCH DAMAGE.
    52                           ; 
    53                           ; 
    54                           ; Code-generator required, PIC16F887 Definitions
    55                           ; 
    56                           ; SFR Addresses
    57  0000                     	;# 
    58  0001                     	;# 
    59  0002                     	;# 
    60  0003                     	;# 
    61  0004                     	;# 
    62  0005                     	;# 
    63  0006                     	;# 
    64  0007                     	;# 
    65  0008                     	;# 
    66  0009                     	;# 
    67  000A                     	;# 
    68  000B                     	;# 
    69  000C                     	;# 
    70  000D                     	;# 
    71  000E                     	;# 
    72  000E                     	;# 
    73  000F                     	;# 
    74  0010                     	;# 
    75  0011                     	;# 
    76  0012                     	;# 
    77  0013                     	;# 
    78  0014                     	;# 
    79  0015                     	;# 
    80  0015                     	;# 
    81  0016                     	;# 
    82  0017                     	;# 
    83  0018                     	;# 
    84  0019                     	;# 
    85  001A                     	;# 
    86  001B                     	;# 
    87  001B                     	;# 
    88  001C                     	;# 
    89  001D                     	;# 
    90  001E                     	;# 
    91  001F                     	;# 
    92  0081                     	;# 
    93  0085                     	;# 
    94  0086                     	;# 
    95  0087                     	;# 
    96  0088                     	;# 
    97  0089                     	;# 
    98  008C                     	;# 
    99  008D                     	;# 
   100  008E                     	;# 
   101  008F                     	;# 
   102  0090                     	;# 
   103  0091                     	;# 
   104  0092                     	;# 
   105  0093                     	;# 
   106  0093                     	;# 
   107  0093                     	;# 
   108  0094                     	;# 
   109  0095                     	;# 
   110  0096                     	;# 
   111  0097                     	;# 
   112  0098                     	;# 
   113  0099                     	;# 
   114  009A                     	;# 
   115  009B                     	;# 
   116  009C                     	;# 
   117  009D                     	;# 
   118  009E                     	;# 
   119  009F                     	;# 
   120  0105                     	;# 
   121  0107                     	;# 
   122  0108                     	;# 
   123  0109                     	;# 
   124  010C                     	;# 
   125  010C                     	;# 
   126  010D                     	;# 
   127  010E                     	;# 
   128  010F                     	;# 
   129  0185                     	;# 
   130  0187                     	;# 
   131  0188                     	;# 
   132  0189                     	;# 
   133  018C                     	;# 
   134  018D                     	;# 
   135  0000                     	;# 
   136  0001                     	;# 
   137  0002                     	;# 
   138  0003                     	;# 
   139  0004                     	;# 
   140  0005                     	;# 
   141  0006                     	;# 
   142  0007                     	;# 
   143  0008                     	;# 
   144  0009                     	;# 
   145  000A                     	;# 
   146  000B                     	;# 
   147  000C                     	;# 
   148  000D                     	;# 
   149  000E                     	;# 
   150  000E                     	;# 
   151  000F                     	;# 
   152  0010                     	;# 
   153  0011                     	;# 
   154  0012                     	;# 
   155  0013                     	;# 
   156  0014                     	;# 
   157  0015                     	;# 
   158  0015                     	;# 
   159  0016                     	;# 
   160  0017                     	;# 
   161  0018                     	;# 
   162  0019                     	;# 
   163  001A                     	;# 
   164  001B                     	;# 
   165  001B                     	;# 
   166  001C                     	;# 
   167  001D                     	;# 
   168  001E                     	;# 
   169  001F                     	;# 
   170  0081                     	;# 
   171  0085                     	;# 
   172  0086                     	;# 
   173  0087                     	;# 
   174  0088                     	;# 
   175  0089                     	;# 
   176  008C                     	;# 
   177  008D                     	;# 
   178  008E                     	;# 
   179  008F                     	;# 
   180  0090                     	;# 
   181  0091                     	;# 
   182  0092                     	;# 
   183  0093                     	;# 
   184  0093                     	;# 
   185  0093                     	;# 
   186  0094                     	;# 
   187  0095                     	;# 
   188  0096                     	;# 
   189  0097                     	;# 
   190  0098                     	;# 
   191  0099                     	;# 
   192  009A                     	;# 
   193  009B                     	;# 
   194  009C                     	;# 
   195  009D                     	;# 
   196  009E                     	;# 
   197  009F                     	;# 
   198  0105                     	;# 
   199  0107                     	;# 
   200  0108                     	;# 
   201  0109                     	;# 
   202  010C                     	;# 
   203  010C                     	;# 
   204  010D                     	;# 
   205  010E                     	;# 
   206  010F                     	;# 
   207  0185                     	;# 
   208  0187                     	;# 
   209  0188                     	;# 
   210  0189                     	;# 
   211  018C                     	;# 
   212  018D                     	;# 
   213  0000                     	;# 
   214  0001                     	;# 
   215  0002                     	;# 
   216  0003                     	;# 
   217  0004                     	;# 
   218  0005                     	;# 
   219  0006                     	;# 
   220  0007                     	;# 
   221  0008                     	;# 
   222  0009                     	;# 
   223  000A                     	;# 
   224  000B                     	;# 
   225  000C                     	;# 
   226  000D                     	;# 
   227  000E                     	;# 
   228  000E                     	;# 
   229  000F                     	;# 
   230  0010                     	;# 
   231  0011                     	;# 
   232  0012                     	;# 
   233  0013                     	;# 
   234  0014                     	;# 
   235  0015                     	;# 
   236  0015                     	;# 
   237  0016                     	;# 
   238  0017                     	;# 
   239  0018                     	;# 
   240  0019                     	;# 
   241  001A                     	;# 
   242  001B                     	;# 
   243  001B                     	;# 
   244  001C                     	;# 
   245  001D                     	;# 
   246  001E                     	;# 
   247  001F                     	;# 
   248  0081                     	;# 
   249  0085                     	;# 
   250  0086                     	;# 
   251  0087                     	;# 
   252  0088                     	;# 
   253  0089                     	;# 
   254  008C                     	;# 
   255  008D                     	;# 
   256  008E                     	;# 
   257  008F                     	;# 
   258  0090                     	;# 
   259  0091                     	;# 
   260  0092                     	;# 
   261  0093                     	;# 
   262  0093                     	;# 
   263  0093                     	;# 
   264  0094                     	;# 
   265  0095                     	;# 
   266  0096                     	;# 
   267  0097                     	;# 
   268  0098                     	;# 
   269  0099                     	;# 
   270  009A                     	;# 
   271  009B                     	;# 
   272  009C                     	;# 
   273  009D                     	;# 
   274  009E                     	;# 
   275  009F                     	;# 
   276  0105                     	;# 
   277  0107                     	;# 
   278  0108                     	;# 
   279  0109                     	;# 
   280  010C                     	;# 
   281  010C                     	;# 
   282  010D                     	;# 
   283  010E                     	;# 
   284  010F                     	;# 
   285  0185                     	;# 
   286  0187                     	;# 
   287  0188                     	;# 
   288  0189                     	;# 
   289  018C                     	;# 
   290  018D                     	;# 
   291  0000                     	;# 
   292  0001                     	;# 
   293  0002                     	;# 
   294  0003                     	;# 
   295  0004                     	;# 
   296  0005                     	;# 
   297  0006                     	;# 
   298  0007                     	;# 
   299  0008                     	;# 
   300  0009                     	;# 
   301  000A                     	;# 
   302  000B                     	;# 
   303  000C                     	;# 
   304  000D                     	;# 
   305  000E                     	;# 
   306  000E                     	;# 
   307  000F                     	;# 
   308  0010                     	;# 
   309  0011                     	;# 
   310  0012                     	;# 
   311  0013                     	;# 
   312  0014                     	;# 
   313  0015                     	;# 
   314  0015                     	;# 
   315  0016                     	;# 
   316  0017                     	;# 
   317  0018                     	;# 
   318  0019                     	;# 
   319  001A                     	;# 
   320  001B                     	;# 
   321  001B                     	;# 
   322  001C                     	;# 
   323  001D                     	;# 
   324  001E                     	;# 
   325  001F                     	;# 
   326  0081                     	;# 
   327  0085                     	;# 
   328  0086                     	;# 
   329  0087                     	;# 
   330  0088                     	;# 
   331  0089                     	;# 
   332  008C                     	;# 
   333  008D                     	;# 
   334  008E                     	;# 
   335  008F                     	;# 
   336  0090                     	;# 
   337  0091                     	;# 
   338  0092                     	;# 
   339  0093                     	;# 
   340  0093                     	;# 
   341  0093                     	;# 
   342  0094                     	;# 
   343  0095                     	;# 
   344  0096                     	;# 
   345  0097                     	;# 
   346  0098                     	;# 
   347  0099                     	;# 
   348  009A                     	;# 
   349  009B                     	;# 
   350  009C                     	;# 
   351  009D                     	;# 
   352  009E                     	;# 
   353  009F                     	;# 
   354  0105                     	;# 
   355  0107                     	;# 
   356  0108                     	;# 
   357  0109                     	;# 
   358  010C                     	;# 
   359  010C                     	;# 
   360  010D                     	;# 
   361  010E                     	;# 
   362  010F                     	;# 
   363  0185                     	;# 
   364  0187                     	;# 
   365  0188                     	;# 
   366  0189                     	;# 
   367  018C                     	;# 
   368  018D                     	;# 
   369  0000                     	;# 
   370  0001                     	;# 
   371  0002                     	;# 
   372  0003                     	;# 
   373  0004                     	;# 
   374  0005                     	;# 
   375  0006                     	;# 
   376  0007                     	;# 
   377  0008                     	;# 
   378  0009                     	;# 
   379  000A                     	;# 
   380  000B                     	;# 
   381  000C                     	;# 
   382  000D                     	;# 
   383  000E                     	;# 
   384  000E                     	;# 
   385  000F                     	;# 
   386  0010                     	;# 
   387  0011                     	;# 
   388  0012                     	;# 
   389  0013                     	;# 
   390  0014                     	;# 
   391  0015                     	;# 
   392  0015                     	;# 
   393  0016                     	;# 
   394  0017                     	;# 
   395  0018                     	;# 
   396  0019                     	;# 
   397  001A                     	;# 
   398  001B                     	;# 
   399  001B                     	;# 
   400  001C                     	;# 
   401  001D                     	;# 
   402  001E                     	;# 
   403  001F                     	;# 
   404  0081                     	;# 
   405  0085                     	;# 
   406  0086                     	;# 
   407  0087                     	;# 
   408  0088                     	;# 
   409  0089                     	;# 
   410  008C                     	;# 
   411  008D                     	;# 
   412  008E                     	;# 
   413  008F                     	;# 
   414  0090                     	;# 
   415  0091                     	;# 
   416  0092                     	;# 
   417  0093                     	;# 
   418  0093                     	;# 
   419  0093                     	;# 
   420  0094                     	;# 
   421  0095                     	;# 
   422  0096                     	;# 
   423  0097                     	;# 
   424  0098                     	;# 
   425  0099                     	;# 
   426  009A                     	;# 
   427  009B                     	;# 
   428  009C                     	;# 
   429  009D                     	;# 
   430  009E                     	;# 
   431  009F                     	;# 
   432  0105                     	;# 
   433  0107                     	;# 
   434  0108                     	;# 
   435  0109                     	;# 
   436  010C                     	;# 
   437  010C                     	;# 
   438  010D                     	;# 
   439  010E                     	;# 
   440  010F                     	;# 
   441  0185                     	;# 
   442  0187                     	;# 
   443  0188                     	;# 
   444  0189                     	;# 
   445  018C                     	;# 
   446  018D                     	;# 
   447  0000                     	;# 
   448  0001                     	;# 
   449  0002                     	;# 
   450  0003                     	;# 
   451  0004                     	;# 
   452  0005                     	;# 
   453  0006                     	;# 
   454  0007                     	;# 
   455  0008                     	;# 
   456  0009                     	;# 
   457  000A                     	;# 
   458  000B                     	;# 
   459  000C                     	;# 
   460  000D                     	;# 
   461  000E                     	;# 
   462  000E                     	;# 
   463  000F                     	;# 
   464  0010                     	;# 
   465  0011                     	;# 
   466  0012                     	;# 
   467  0013                     	;# 
   468  0014                     	;# 
   469  0015                     	;# 
   470  0015                     	;# 
   471  0016                     	;# 
   472  0017                     	;# 
   473  0018                     	;# 
   474  0019                     	;# 
   475  001A                     	;# 
   476  001B                     	;# 
   477  001B                     	;# 
   478  001C                     	;# 
   479  001D                     	;# 
   480  001E                     	;# 
   481  001F                     	;# 
   482  0081                     	;# 
   483  0085                     	;# 
   484  0086                     	;# 
   485  0087                     	;# 
   486  0088                     	;# 
   487  0089                     	;# 
   488  008C                     	;# 
   489  008D                     	;# 
   490  008E                     	;# 
   491  008F                     	;# 
   492  0090                     	;# 
   493  0091                     	;# 
   494  0092                     	;# 
   495  0093                     	;# 
   496  0093                     	;# 
   497  0093                     	;# 
   498  0094                     	;# 
   499  0095                     	;# 
   500  0096                     	;# 
   501  0097                     	;# 
   502  0098                     	;# 
   503  0099                     	;# 
   504  009A                     	;# 
   505  009B                     	;# 
   506  009C                     	;# 
   507  009D                     	;# 
   508  009E                     	;# 
   509  009F                     	;# 
   510  0105                     	;# 
   511  0107                     	;# 
   512  0108                     	;# 
   513  0109                     	;# 
   514  010C                     	;# 
   515  010C                     	;# 
   516  010D                     	;# 
   517  010E                     	;# 
   518  010F                     	;# 
   519  0185                     	;# 
   520  0187                     	;# 
   521  0188                     	;# 
   522  0189                     	;# 
   523  018C                     	;# 
   524  018D                     	;# 
   525  000E                     _TMR1	set	14
   526  0011                     _TMR2	set	17
   527  0012                     _T2CONbits	set	18
   528  0010                     _T1CONbits	set	16
   529  0001                     _TMR0	set	1
   530  000C                     _PIR1bits	set	12
   531  000B                     _INTCONbits	set	11
   532  0012                     _T2CON	set	18
   533  0017                     _CCP1CONbits	set	23
   534  0015                     _CCPR1L	set	21
   535  0092                     _TMR2ON	set	146
   536  0092                     _PR2	set	146
   537  008C                     _PIE1bits	set	140
   538  0096                     _IOCBbits	set	150
   539  0081                     _OPTION_REGbits	set	129
   540  0087                     _TRISCbits	set	135
   541  0086                     _TRISBbits	set	134
   542  0085                     _TRISAbits	set	133
   543  0089                     _TRISEbits	set	137
   544  0088                     _TRISDbits	set	136
   545  040D                     _T0CS	set	1037
   546  040B                     _PSA	set	1035
   547  043A                     _TRISC2	set	1082
   548  0189                     _ANSELH	set	393
   549  0188                     _ANSEL	set	392
   550                           
   551                           	psect	cinit
   552  0013                     start_initialization:	
   553                           ; #config settings
   554                           
   555  0013                     __initialization:
   556                           
   557                           ; Clear objects allocated to COMMON
   558  0013  01F7               	clrf	__pbssCOMMON& (0+127)
   559  0014  01F8               	clrf	(__pbssCOMMON+1)& (0+127)
   560  0015  01F9               	clrf	(__pbssCOMMON+2)& (0+127)
   561  0016  01FA               	clrf	(__pbssCOMMON+3)& (0+127)
   562  0017                     end_of_initialization:	
   563                           ;End of C runtime variable initialization code
   564                           
   565  0017                     __end_of__initialization:
   566  0017  0183               	clrf	3
   567  0018  120A  118A  281B   	ljmp	_main	;jump to C main() function
   568                           
   569                           	psect	bssCOMMON
   570  0077                     __pbssCOMMON:
   571  0077                     _i:
   572  0077                     	ds	2
   573  0079                     _k:
   574  0079                     	ds	1
   575  007A                     _t:
   576  007A                     	ds	1
   577                           
   578                           	psect	cstackCOMMON
   579  0070                     __pcstackCOMMON:
   580  0070                     ?_GBS_Interrupt_Init:
   581  0070                     ?_GBS_T0I_Config:	
   582                           ; 1 bytes @ 0x0
   583                           
   584  0070                     ?_GBS_T1I_Config:	
   585                           ; 1 bytes @ 0x0
   586                           
   587  0070                     ?_GBS_Interrupt_Enable:	
   588                           ; 1 bytes @ 0x0
   589                           
   590  0070                     ?_T0I_ISR:	
   591                           ; 1 bytes @ 0x0
   592                           
   593  0070                     ??_T0I_ISR:	
   594                           ; 1 bytes @ 0x0
   595                           
   596  0070                     ?_T1I_ISR:	
   597                           ; 1 bytes @ 0x0
   598                           
   599  0070                     ??_T1I_ISR:	
   600                           ; 1 bytes @ 0x0
   601                           
   602  0070                     ?_T2I_ISR:	
   603                           ; 1 bytes @ 0x0
   604                           
   605  0070                     ??_T2I_ISR:	
   606                           ; 1 bytes @ 0x0
   607                           
   608  0070                     ?_ISR:	
   609                           ; 1 bytes @ 0x0
   610                           
   611  0070                     ??_ISR:	
   612                           ; 1 bytes @ 0x0
   613                           
   614  0070                     ?_main:	
   615                           ; 1 bytes @ 0x0
   616                           
   617                           
   618                           ; 2 bytes @ 0x0
   619  0070                     	ds	3
   620  0073                     ?_GBS_Timer0_Config:
   621  0073                     ?_GBS_Timer1_Config:	
   622                           ; 1 bytes @ 0x3
   623                           
   624  0073                     ??_GBS_T0I_Config:	
   625                           ; 1 bytes @ 0x3
   626                           
   627  0073                     ??_GBS_T1I_Config:	
   628                           ; 1 bytes @ 0x3
   629                           
   630  0073                     ??_GBS_Interrupt_Enable:	
   631                           ; 1 bytes @ 0x3
   632                           
   633  0073                     GBS_T0I_Config@mode:	
   634                           ; 1 bytes @ 0x3
   635                           
   636  0073                     GBS_T1I_Config@mode:	
   637                           ; 1 bytes @ 0x3
   638                           
   639  0073                     GBS_Timer0_Config@timer0:	
   640                           ; 1 bytes @ 0x3
   641                           
   642  0073                     GBS_Timer1_Config@prescaler:	
   643                           ; 1 bytes @ 0x3
   644                           
   645                           
   646                           ; 1 bytes @ 0x3
   647  0073                     	ds	1
   648  0074                     ??_GBS_Interrupt_Init:
   649  0074                     ??_GBS_Timer0_Config:	
   650                           ; 1 bytes @ 0x4
   651                           
   652  0074                     GBS_Timer0_Config@prescaler:	
   653                           ; 1 bytes @ 0x4
   654                           
   655  0074                     GBS_Timer1_Config@timVar:	
   656                           ; 1 bytes @ 0x4
   657                           
   658                           
   659                           ; 2 bytes @ 0x4
   660  0074                     	ds	2
   661  0076                     ??_GBS_Timer1_Config:
   662                           
   663                           ; 1 bytes @ 0x6
   664  0076                     	ds	1
   665  0077                     ??_main:
   666                           
   667                           	psect	cstackBANK0
   668  0020                     __pcstackBANK0:	
   669                           ; 1 bytes @ 0x7
   670                           
   671  0020                     GBS_Timer1_Config@state:
   672                           
   673                           ; 1 bytes @ 0x0
   674  0020                     	ds	1
   675                           
   676                           	psect	maintext
   677  001B                     __pmaintext:	
   678 ;;
   679 ;;Main: autosize = 0, tempsize = 0, incstack = 0, save=0
   680 ;;
   681 ;; *************** function _main *****************
   682 ;; Defined at:
   683 ;;		line 11 in file "../test.c"
   684 ;; Parameters:    Size  Location     Type
   685 ;;		None
   686 ;; Auto vars:     Size  Location     Type
   687 ;;		None
   688 ;; Return value:  Size  Location     Type
   689 ;;                  2   28[None  ] int 
   690 ;; Registers used:
   691 ;;		wreg, status,2, status,0, btemp+1, pclath, cstack
   692 ;; Tracked objects:
   693 ;;		On entry : B00/0
   694 ;;		On exit  : 0/0
   695 ;;		Unchanged: 0/0
   696 ;; Data sizes:     COMMON   BANK0   BANK1   BANK3   BANK2
   697 ;;      Params:         0       0       0       0       0
   698 ;;      Locals:         0       0       0       0       0
   699 ;;      Temps:          0       0       0       0       0
   700 ;;      Totals:         0       0       0       0       0
   701 ;;Total ram usage:        0 bytes
   702 ;; Hardware stack levels required when called:    4
   703 ;; This function calls:
   704 ;;		_GBS_Interrupt_Init
   705 ;;		_GBS_Timer0_Config
   706 ;;		_GBS_Timer1_Config
   707 ;; This function is called by:
   708 ;;		Startup code after reset
   709 ;; This function uses a non-reentrant model
   710 ;;
   711                           
   712                           
   713                           ;psect for function _main
   714  001B                     _main:
   715  001B                     l973:	
   716                           ;incstack = 0
   717                           ; Regs used in _main: [wreg+status,2+status,0+btemp+1+pclath+cstack]
   718                           
   719                           
   720                           ;../test.c: 13:     GBS_Interrupt_Init();
   721  001B  120A  118A  20BD  120A  118A  	fcall	_GBS_Interrupt_Init
   722                           
   723                           ;../test.c: 14:     GBS_Timer0_Config(TIM0_PS256, 0);
   724  0020  01F3               	clrf	GBS_Timer0_Config@timer0
   725  0021  3007               	movlw	7
   726  0022  120A  118A  20CF  120A  118A  	fcall	_GBS_Timer0_Config
   727  0027                     l975:
   728                           
   729                           ;../test.c: 15:     GBS_Timer1_Config(1, TIM1_PS8, 0);
   730  0027  3003               	movlw	3
   731  0028  00FF               	movwf	btemp+1
   732  0029  087F               	movf	btemp+1,w
   733  002A  00F3               	movwf	GBS_Timer1_Config@prescaler
   734  002B  3000               	movlw	0
   735  002C  00F4               	movwf	GBS_Timer1_Config@timVar
   736  002D  00F5               	movwf	GBS_Timer1_Config@timVar+1
   737  002E  3001               	movlw	1
   738  002F  120A  118A  2092  120A  118A  	fcall	_GBS_Timer1_Config
   739  0034                     l977:
   740                           
   741                           ;../test.c: 22:     TRISC2 = 0;
   742  0034  1683               	bsf	3,5	;RP0=1, select bank1
   743  0035  1303               	bcf	3,6	;RP1=0, select bank1
   744  0036  1107               	bcf	7,2	;volatile
   745  0037                     l979:
   746                           
   747                           ;../test.c: 23:     TRISDbits.TRISD7 = 0;
   748  0037  1388               	bcf	8,7	;volatile
   749  0038                     l981:
   750                           
   751                           ;../test.c: 24:     TRISDbits.TRISD6 = 0;
   752  0038  1308               	bcf	8,6	;volatile
   753  0039                     l983:
   754                           
   755                           ;../test.c: 25:     TRISDbits.TRISD5 = 0;
   756  0039  1288               	bcf	8,5	;volatile
   757  003A                     l985:
   758                           
   759                           ;../test.c: 27:     CCPR1L = 0x7;
   760  003A  3007               	movlw	7
   761  003B  1283               	bcf	3,5	;RP0=0, select bank0
   762  003C  1303               	bcf	3,6	;RP1=0, select bank0
   763  003D  0095               	movwf	21	;volatile
   764  003E                     l987:
   765                           
   766                           ;../test.c: 29:     CCP1CONbits.CCP1M = 0b1100;
   767  003E  0817               	movf	23,w	;volatile
   768  003F  39F0               	andlw	-16
   769  0040  380C               	iorlw	12
   770  0041  0097               	movwf	23	;volatile
   771  0042                     l989:
   772                           
   773                           ;../test.c: 31:     T2CON = 0x04;
   774  0042  3004               	movlw	4
   775  0043  0092               	movwf	18	;volatile
   776  0044                     l991:
   777  0044                     l31:	
   778                           ;../test.c: 48:         {;../test.c: 51:         }
   779                           
   780  0044  2844               	goto	l991
   781  0045  120A  118A  2810   	ljmp	start
   782  0048                     __end_of_main:
   783                           
   784                           	psect	text1
   785  0092                     __ptext1:	
   786 ;; *************** function _GBS_Timer1_Config *****************
   787 ;; Defined at:
   788 ;;		line 34 in file "../gbs8/bsp/scr/gbs8_timer.c"
   789 ;; Parameters:    Size  Location     Type
   790 ;;  state           1    wreg     unsigned char 
   791 ;;  prescaler       1    3[COMMON] unsigned char 
   792 ;;  timVar          2    4[COMMON] unsigned int 
   793 ;; Auto vars:     Size  Location     Type
   794 ;;  state           1    0[BANK0 ] unsigned char 
   795 ;; Return value:  Size  Location     Type
   796 ;;                  1    wreg      void 
   797 ;; Registers used:
   798 ;;		wreg, status,2, status,0
   799 ;; Tracked objects:
   800 ;;		On entry : 0/0
   801 ;;		On exit  : 0/0
   802 ;;		Unchanged: 0/0
   803 ;; Data sizes:     COMMON   BANK0   BANK1   BANK3   BANK2
   804 ;;      Params:         3       0       0       0       0
   805 ;;      Locals:         0       1       0       0       0
   806 ;;      Temps:          1       0       0       0       0
   807 ;;      Totals:         4       1       0       0       0
   808 ;;Total ram usage:        5 bytes
   809 ;; Hardware stack levels used:    1
   810 ;; Hardware stack levels required when called:    2
   811 ;; This function calls:
   812 ;;		Nothing
   813 ;; This function is called by:
   814 ;;		_main
   815 ;; This function uses a non-reentrant model
   816 ;;
   817                           
   818                           
   819                           ;psect for function _GBS_Timer1_Config
   820  0092                     _GBS_Timer1_Config:
   821                           
   822                           ;incstack = 0
   823                           ; Regs used in _GBS_Timer1_Config: [wreg+status,2+status,0]
   824                           ;GBS_Timer1_Config@state stored from wreg
   825  0092  1283               	bcf	3,5	;RP0=0, select bank0
   826  0093  1303               	bcf	3,6	;RP1=0, select bank0
   827  0094  00A0               	movwf	GBS_Timer1_Config@state
   828  0095                     l965:
   829                           
   830                           ;../gbs8/bsp/scr/gbs8_timer.c: 34: void GBS_Timer1_Config(uint8_t state, uint8_t prescal
      +                          er, uint16_t timVar);../gbs8/bsp/scr/gbs8_timer.c: 35: {;../gbs8/bsp/scr/gbs8_timer.c: 3
      +                          6:     T1CONbits.TMR1ON = 0;
   831  0095  1010               	bcf	16,0	;volatile
   832                           
   833                           ;../gbs8/bsp/scr/gbs8_timer.c: 37:     T1CONbits.TMR1CS = 0;
   834  0096  1090               	bcf	16,1	;volatile
   835                           
   836                           ;../gbs8/bsp/scr/gbs8_timer.c: 38:     T1CONbits.T1OSCEN = 0;
   837  0097  1190               	bcf	16,3	;volatile
   838  0098                     l967:
   839                           
   840                           ;../gbs8/bsp/scr/gbs8_timer.c: 40:     T1CONbits.T1CKPS = prescaler;
   841  0098  0873               	movf	GBS_Timer1_Config@prescaler,w
   842  0099  00F6               	movwf	??_GBS_Timer1_Config
   843  009A  0EF6               	swapf	??_GBS_Timer1_Config,f
   844  009B  0810               	movf	16,w	;volatile
   845  009C  0676               	xorwf	??_GBS_Timer1_Config,w
   846  009D  39CF               	andlw	-49
   847  009E  0676               	xorwf	??_GBS_Timer1_Config,w
   848  009F  0090               	movwf	16	;volatile
   849  00A0                     l969:
   850                           
   851                           ;../gbs8/bsp/scr/gbs8_timer.c: 41:     T1CONbits.TMR1ON = state;
   852  00A0  0C20               	rrf	GBS_Timer1_Config@state,w
   853  00A1  1C03               	skipc
   854  00A2  1010               	bcf	16,0	;volatile
   855  00A3  1803               	skipnc
   856  00A4  1410               	bsf	16,0	;volatile
   857  00A5                     l971:
   858                           
   859                           ;../gbs8/bsp/scr/gbs8_timer.c: 43:     TMR1 = timVar;
   860  00A5  0875               	movf	GBS_Timer1_Config@timVar+1,w
   861  00A6  008F               	movwf	15	;volatile
   862  00A7  0874               	movf	GBS_Timer1_Config@timVar,w
   863  00A8  008E               	movwf	14	;volatile
   864  00A9                     l165:
   865  00A9  0008               	return
   866  00AA                     __end_of_GBS_Timer1_Config:
   867                           
   868                           	psect	text2
   869  00CF                     __ptext2:	
   870 ;; *************** function _GBS_Timer0_Config *****************
   871 ;; Defined at:
   872 ;;		line 10 in file "../gbs8/bsp/scr/gbs8_timer.c"
   873 ;; Parameters:    Size  Location     Type
   874 ;;  prescaler       1    wreg     unsigned char 
   875 ;;  timer0          1    3[COMMON] unsigned char 
   876 ;; Auto vars:     Size  Location     Type
   877 ;;  prescaler       1    4[COMMON] unsigned char 
   878 ;; Return value:  Size  Location     Type
   879 ;;                  1    wreg      void 
   880 ;; Registers used:
   881 ;;		wreg, status,2, status,0
   882 ;; Tracked objects:
   883 ;;		On entry : 0/0
   884 ;;		On exit  : 0/0
   885 ;;		Unchanged: 0/0
   886 ;; Data sizes:     COMMON   BANK0   BANK1   BANK3   BANK2
   887 ;;      Params:         1       0       0       0       0
   888 ;;      Locals:         1       0       0       0       0
   889 ;;      Temps:          0       0       0       0       0
   890 ;;      Totals:         2       0       0       0       0
   891 ;;Total ram usage:        2 bytes
   892 ;; Hardware stack levels used:    1
   893 ;; Hardware stack levels required when called:    2
   894 ;; This function calls:
   895 ;;		Nothing
   896 ;; This function is called by:
   897 ;;		_main
   898 ;; This function uses a non-reentrant model
   899 ;;
   900                           
   901                           
   902                           ;psect for function _GBS_Timer0_Config
   903  00CF                     _GBS_Timer0_Config:
   904                           
   905                           ;incstack = 0
   906                           ; Regs used in _GBS_Timer0_Config: [wreg+status,2+status,0]
   907                           ;GBS_Timer0_Config@prescaler stored from wreg
   908  00CF  00F4               	movwf	GBS_Timer0_Config@prescaler
   909  00D0                     l929:
   910                           
   911                           ;../gbs8/bsp/scr/gbs8_timer.c: 10: void GBS_Timer0_Config(uint8_t prescaler, uint8_t tim
      +                          er0);../gbs8/bsp/scr/gbs8_timer.c: 11: {;../gbs8/bsp/scr/gbs8_timer.c: 14:     PSA = 0;
   912  00D0  1683               	bsf	3,5	;RP0=1, select bank1
   913  00D1  1303               	bcf	3,6	;RP1=0, select bank1
   914  00D2  1181               	bcf	1,3	;volatile
   915                           
   916                           ;../gbs8/bsp/scr/gbs8_timer.c: 15:     T0CS = 0;
   917  00D3  1281               	bcf	1,5	;volatile
   918  00D4                     l931:
   919                           
   920                           ;../gbs8/bsp/scr/gbs8_timer.c: 26:     OPTION_REGbits.PS = prescaler;
   921  00D4  0801               	movf	1,w	;volatile
   922  00D5  0674               	xorwf	GBS_Timer0_Config@prescaler,w
   923  00D6  39F8               	andlw	-8
   924  00D7  0674               	xorwf	GBS_Timer0_Config@prescaler,w
   925  00D8  0081               	movwf	1	;volatile
   926  00D9                     l933:
   927                           
   928                           ;../gbs8/bsp/scr/gbs8_timer.c: 27:     TMR0 = timer0;
   929  00D9  0873               	movf	GBS_Timer0_Config@timer0,w
   930  00DA  1283               	bcf	3,5	;RP0=0, select bank0
   931  00DB  1303               	bcf	3,6	;RP1=0, select bank0
   932  00DC  0081               	movwf	1	;volatile
   933  00DD                     l162:
   934  00DD  0008               	return
   935  00DE                     __end_of_GBS_Timer0_Config:
   936                           
   937                           	psect	text3
   938  00BD                     __ptext3:	
   939 ;; *************** function _GBS_Interrupt_Init *****************
   940 ;; Defined at:
   941 ;;		line 6 in file "../gbs8/bsp/scr/gbs8_interrupt.c"
   942 ;; Parameters:    Size  Location     Type
   943 ;;		None
   944 ;; Auto vars:     Size  Location     Type
   945 ;;		None
   946 ;; Return value:  Size  Location     Type
   947 ;;                  1    wreg      void 
   948 ;; Registers used:
   949 ;;		wreg, status,2, status,0, pclath, cstack
   950 ;; Tracked objects:
   951 ;;		On entry : 0/0
   952 ;;		On exit  : 0/0
   953 ;;		Unchanged: 0/0
   954 ;; Data sizes:     COMMON   BANK0   BANK1   BANK3   BANK2
   955 ;;      Params:         0       0       0       0       0
   956 ;;      Locals:         0       0       0       0       0
   957 ;;      Temps:          0       0       0       0       0
   958 ;;      Totals:         0       0       0       0       0
   959 ;;Total ram usage:        0 bytes
   960 ;; Hardware stack levels used:    1
   961 ;; Hardware stack levels required when called:    3
   962 ;; This function calls:
   963 ;;		_GBS_Interrupt_Enable
   964 ;;		_GBS_T0I_Config
   965 ;;		_GBS_T1I_Config
   966 ;; This function is called by:
   967 ;;		_main
   968 ;; This function uses a non-reentrant model
   969 ;;
   970                           
   971                           
   972                           ;psect for function _GBS_Interrupt_Init
   973  00BD                     _GBS_Interrupt_Init:
   974  00BD                     l773:	
   975                           ;incstack = 0
   976                           ; Regs used in _GBS_Interrupt_Init: [wreg+status,2+status,0+pclath+cstack]
   977                           
   978                           
   979                           ;../gbs8/bsp/scr/gbs8_interrupt.c: 15:     GBS_T0I_Config(1);
   980  00BD  3001               	movlw	1
   981  00BE  120A  118A  20EA  120A  118A  	fcall	_GBS_T0I_Config
   982                           
   983                           ;../gbs8/bsp/scr/gbs8_interrupt.c: 18:     GBS_T1I_Config(1);
   984  00C3  3001               	movlw	1
   985  00C4  120A  118A  20DE  120A  118A  	fcall	_GBS_T1I_Config
   986  00C9                     l775:
   987                           
   988                           ;../gbs8/bsp/scr/gbs8_interrupt.c: 20:     GBS_Interrupt_Enable();
   989  00C9  120A  118A  20F2  120A  118A  	fcall	_GBS_Interrupt_Enable
   990  00CE                     l99:
   991  00CE  0008               	return
   992  00CF                     __end_of_GBS_Interrupt_Init:
   993                           
   994                           	psect	text4
   995  00DE                     __ptext4:	
   996 ;; *************** function _GBS_T1I_Config *****************
   997 ;; Defined at:
   998 ;;		line 73 in file "../gbs8/bsp/scr/gbs8_interrupt.c"
   999 ;; Parameters:    Size  Location     Type
  1000 ;;  mode            1    wreg     unsigned char 
  1001 ;; Auto vars:     Size  Location     Type
  1002 ;;  mode            1    3[COMMON] unsigned char 
  1003 ;; Return value:  Size  Location     Type
  1004 ;;                  1    wreg      void 
  1005 ;; Registers used:
  1006 ;;		wreg, status,0
  1007 ;; Tracked objects:
  1008 ;;		On entry : 0/0
  1009 ;;		On exit  : 0/0
  1010 ;;		Unchanged: 0/0
  1011 ;; Data sizes:     COMMON   BANK0   BANK1   BANK3   BANK2
  1012 ;;      Params:         0       0       0       0       0
  1013 ;;      Locals:         1       0       0       0       0
  1014 ;;      Temps:          0       0       0       0       0
  1015 ;;      Totals:         1       0       0       0       0
  1016 ;;Total ram usage:        1 bytes
  1017 ;; Hardware stack levels used:    1
  1018 ;; Hardware stack levels required when called:    2
  1019 ;; This function calls:
  1020 ;;		Nothing
  1021 ;; This function is called by:
  1022 ;;		_GBS_Interrupt_Init
  1023 ;; This function uses a non-reentrant model
  1024 ;;
  1025                           
  1026                           
  1027                           ;psect for function _GBS_T1I_Config
  1028  00DE                     _GBS_T1I_Config:
  1029                           
  1030                           ;incstack = 0
  1031                           ; Regs used in _GBS_T1I_Config: [wreg+status,0]
  1032                           ;GBS_T1I_Config@mode stored from wreg
  1033  00DE  00F3               	movwf	GBS_T1I_Config@mode
  1034  00DF                     l767:
  1035                           
  1036                           ;../gbs8/bsp/scr/gbs8_interrupt.c: 73: void GBS_T1I_Config(uint8_t mode);../gbs8/bsp/scr
      +                          /gbs8_interrupt.c: 74: {;../gbs8/bsp/scr/gbs8_interrupt.c: 75:     PIR1bits.TMR1IF = 0;
  1037  00DF  1283               	bcf	3,5	;RP0=0, select bank0
  1038  00E0  1303               	bcf	3,6	;RP1=0, select bank0
  1039  00E1  100C               	bcf	12,0	;volatile
  1040  00E2                     l769:
  1041                           
  1042                           ;../gbs8/bsp/scr/gbs8_interrupt.c: 76:     PIE1bits.TMR1IE = mode;
  1043  00E2  0C73               	rrf	GBS_T1I_Config@mode,w
  1044  00E3  1683               	bsf	3,5	;RP0=1, select bank1
  1045  00E4  1303               	bcf	3,6	;RP1=0, select bank1
  1046  00E5  1C03               	skipc
  1047  00E6  100C               	bcf	12,0	;volatile
  1048  00E7  1803               	skipnc
  1049  00E8  140C               	bsf	12,0	;volatile
  1050  00E9                     l117:
  1051  00E9  0008               	return
  1052  00EA                     __end_of_GBS_T1I_Config:
  1053                           
  1054                           	psect	text5
  1055  00EA                     __ptext5:	
  1056 ;; *************** function _GBS_T0I_Config *****************
  1057 ;; Defined at:
  1058 ;;		line 67 in file "../gbs8/bsp/scr/gbs8_interrupt.c"
  1059 ;; Parameters:    Size  Location     Type
  1060 ;;  mode            1    wreg     unsigned char 
  1061 ;; Auto vars:     Size  Location     Type
  1062 ;;  mode            1    3[COMMON] unsigned char 
  1063 ;; Return value:  Size  Location     Type
  1064 ;;                  1    wreg      void 
  1065 ;; Registers used:
  1066 ;;		wreg, status,0
  1067 ;; Tracked objects:
  1068 ;;		On entry : 0/0
  1069 ;;		On exit  : 0/0
  1070 ;;		Unchanged: 0/0
  1071 ;; Data sizes:     COMMON   BANK0   BANK1   BANK3   BANK2
  1072 ;;      Params:         0       0       0       0       0
  1073 ;;      Locals:         1       0       0       0       0
  1074 ;;      Temps:          0       0       0       0       0
  1075 ;;      Totals:         1       0       0       0       0
  1076 ;;Total ram usage:        1 bytes
  1077 ;; Hardware stack levels used:    1
  1078 ;; Hardware stack levels required when called:    2
  1079 ;; This function calls:
  1080 ;;		Nothing
  1081 ;; This function is called by:
  1082 ;;		_GBS_Interrupt_Init
  1083 ;; This function uses a non-reentrant model
  1084 ;;
  1085                           
  1086                           
  1087                           ;psect for function _GBS_T0I_Config
  1088  00EA                     _GBS_T0I_Config:
  1089                           
  1090                           ;incstack = 0
  1091                           ; Regs used in _GBS_T0I_Config: [wreg+status,0]
  1092                           ;GBS_T0I_Config@mode stored from wreg
  1093  00EA  00F3               	movwf	GBS_T0I_Config@mode
  1094  00EB                     l763:
  1095                           
  1096                           ;../gbs8/bsp/scr/gbs8_interrupt.c: 67: void GBS_T0I_Config(uint8_t mode);../gbs8/bsp/scr
      +                          /gbs8_interrupt.c: 68: {;../gbs8/bsp/scr/gbs8_interrupt.c: 69:     INTCONbits.T0IF = 0;
  1097  00EB  110B               	bcf	11,2	;volatile
  1098  00EC                     l765:
  1099                           
  1100                           ;../gbs8/bsp/scr/gbs8_interrupt.c: 70:     INTCONbits.T0IE = mode;
  1101  00EC  0C73               	rrf	GBS_T0I_Config@mode,w
  1102  00ED  1C03               	skipc
  1103  00EE  128B               	bcf	11,5	;volatile
  1104  00EF  1803               	skipnc
  1105  00F0  168B               	bsf	11,5	;volatile
  1106  00F1                     l114:
  1107  00F1  0008               	return
  1108  00F2                     __end_of_GBS_T0I_Config:
  1109                           
  1110                           	psect	text6
  1111  00F2                     __ptext6:	
  1112 ;; *************** function _GBS_Interrupt_Enable *****************
  1113 ;; Defined at:
  1114 ;;		line 23 in file "../gbs8/bsp/scr/gbs8_interrupt.c"
  1115 ;; Parameters:    Size  Location     Type
  1116 ;;		None
  1117 ;; Auto vars:     Size  Location     Type
  1118 ;;		None
  1119 ;; Return value:  Size  Location     Type
  1120 ;;                  1    wreg      void 
  1121 ;; Registers used:
  1122 ;;		None
  1123 ;; Tracked objects:
  1124 ;;		On entry : 0/0
  1125 ;;		On exit  : 0/0
  1126 ;;		Unchanged: 0/0
  1127 ;; Data sizes:     COMMON   BANK0   BANK1   BANK3   BANK2
  1128 ;;      Params:         0       0       0       0       0
  1129 ;;      Locals:         0       0       0       0       0
  1130 ;;      Temps:          0       0       0       0       0
  1131 ;;      Totals:         0       0       0       0       0
  1132 ;;Total ram usage:        0 bytes
  1133 ;; Hardware stack levels used:    1
  1134 ;; Hardware stack levels required when called:    2
  1135 ;; This function calls:
  1136 ;;		Nothing
  1137 ;; This function is called by:
  1138 ;;		_GBS_Interrupt_Init
  1139 ;; This function uses a non-reentrant model
  1140 ;;
  1141                           
  1142                           
  1143                           ;psect for function _GBS_Interrupt_Enable
  1144  00F2                     _GBS_Interrupt_Enable:
  1145  00F2                     l771:	
  1146                           ;incstack = 0
  1147                           ; Regs used in _GBS_Interrupt_Enable: []
  1148                           
  1149                           
  1150                           ;../gbs8/bsp/scr/gbs8_interrupt.c: 25:     INTCONbits.PEIE = 1;
  1151  00F2  170B               	bsf	11,6	;volatile
  1152                           
  1153                           ;../gbs8/bsp/scr/gbs8_interrupt.c: 26:     INTCONbits.GIE = 1;
  1154  00F3  178B               	bsf	11,7	;volatile
  1155  00F4                     l102:
  1156  00F4  0008               	return
  1157  00F5                     __end_of_GBS_Interrupt_Enable:
  1158                           
  1159                           	psect	text7
  1160  0048                     __ptext7:	
  1161 ;; *************** function _ISR *****************
  1162 ;; Defined at:
  1163 ;;		line 87 in file "../gbs8/bsp/scr/gbs8_interrupt.c"
  1164 ;; Parameters:    Size  Location     Type
  1165 ;;		None
  1166 ;; Auto vars:     Size  Location     Type
  1167 ;;		None
  1168 ;; Return value:  Size  Location     Type
  1169 ;;                  1    wreg      void 
  1170 ;; Registers used:
  1171 ;;		wreg, status,2, status,0, btemp+1, pclath, cstack
  1172 ;; Tracked objects:
  1173 ;;		On entry : 0/0
  1174 ;;		On exit  : 0/0
  1175 ;;		Unchanged: 0/0
  1176 ;; Data sizes:     COMMON   BANK0   BANK1   BANK3   BANK2
  1177 ;;      Params:         0       0       0       0       0
  1178 ;;      Locals:         0       0       0       0       0
  1179 ;;      Temps:          3       0       0       0       0
  1180 ;;      Totals:         3       0       0       0       0
  1181 ;;Total ram usage:        3 bytes
  1182 ;; Hardware stack levels used:    1
  1183 ;; Hardware stack levels required when called:    1
  1184 ;; This function calls:
  1185 ;;		_T0I_ISR
  1186 ;;		_T1I_ISR
  1187 ;;		_T2I_ISR
  1188 ;; This function is called by:
  1189 ;;		Interrupt level 1
  1190 ;; This function uses a non-reentrant model
  1191 ;;
  1192                           
  1193                           
  1194                           ;psect for function _ISR
  1195  0048                     _ISR:
  1196  0048                     i1l887:
  1197                           
  1198                           ;../gbs8/bsp/scr/gbs8_interrupt.c: 106:     if (INTCONbits.T0IF)
  1199  0048  1D0B               	btfss	11,2	;volatile
  1200  0049  284B               	goto	u3_21
  1201  004A  284C               	goto	u3_20
  1202  004B                     u3_21:
  1203  004B  2852               	goto	i1l893
  1204  004C                     u3_20:
  1205  004C                     i1l889:
  1206                           
  1207                           ;../gbs8/bsp/scr/gbs8_interrupt.c: 107:     {;../gbs8/bsp/scr/gbs8_interrupt.c: 108:    
      +                               T0I_ISR();
  1208  004C  120A  118A  2075  120A  118A  	fcall	_T0I_ISR
  1209  0051                     i1l891:
  1210                           
  1211                           ;../gbs8/bsp/scr/gbs8_interrupt.c: 112:         INTCONbits.T0IF = 0;
  1212  0051  110B               	bcf	11,2	;volatile
  1213  0052                     i1l893:
  1214                           
  1215                           ;../gbs8/bsp/scr/gbs8_interrupt.c: 117:     if (PIR1bits.TMR1IF)
  1216  0052  1283               	bcf	3,5	;RP0=0, select bank0
  1217  0053  1303               	bcf	3,6	;RP1=0, select bank0
  1218  0054  1C0C               	btfss	12,0	;volatile
  1219  0055  2857               	goto	u4_21
  1220  0056  2858               	goto	u4_20
  1221  0057                     u4_21:
  1222  0057  2860               	goto	i1l899
  1223  0058                     u4_20:
  1224  0058                     i1l895:
  1225                           
  1226                           ;../gbs8/bsp/scr/gbs8_interrupt.c: 118:     {;../gbs8/bsp/scr/gbs8_interrupt.c: 119:    
      +                               T1I_ISR();
  1227  0058  120A  118A  20AA  120A  118A  	fcall	_T1I_ISR
  1228  005D                     i1l897:
  1229                           
  1230                           ;../gbs8/bsp/scr/gbs8_interrupt.c: 120:         PIR1bits.TMR1IF = 0;
  1231  005D  1283               	bcf	3,5	;RP0=0, select bank0
  1232  005E  1303               	bcf	3,6	;RP1=0, select bank0
  1233  005F  100C               	bcf	12,0	;volatile
  1234  0060                     i1l899:
  1235                           
  1236                           ;../gbs8/bsp/scr/gbs8_interrupt.c: 125:     if (PIR1bits.TMR2IF)
  1237  0060  1C8C               	btfss	12,1	;volatile
  1238  0061  2863               	goto	u5_21
  1239  0062  2864               	goto	u5_20
  1240  0063                     u5_21:
  1241  0063  286C               	goto	i1l128
  1242  0064                     u5_20:
  1243  0064                     i1l901:
  1244                           
  1245                           ;../gbs8/bsp/scr/gbs8_interrupt.c: 126:     {;../gbs8/bsp/scr/gbs8_interrupt.c: 127:    
      +                               T2I_ISR();
  1246  0064  120A  118A  20F5  120A  118A  	fcall	_T2I_ISR
  1247  0069                     i1l903:
  1248                           
  1249                           ;../gbs8/bsp/scr/gbs8_interrupt.c: 128:         PIR1bits.TMR2IF = 0;
  1250  0069  1283               	bcf	3,5	;RP0=0, select bank0
  1251  006A  1303               	bcf	3,6	;RP1=0, select bank0
  1252  006B  108C               	bcf	12,1	;volatile
  1253  006C                     i1l128:
  1254  006C  0872               	movf	??_ISR+2,w
  1255  006D  00FF               	movwf	btemp+1
  1256  006E  0871               	movf	??_ISR+1,w
  1257  006F  008A               	movwf	10
  1258  0070  0E70               	swapf	??_ISR^(0+4294967168),w
  1259  0071  0083               	movwf	3
  1260  0072  0EFE               	swapf	btemp,f
  1261  0073  0E7E               	swapf	btemp,w
  1262  0074  0009               	retfie
  1263  0075                     __end_of_ISR:
  1264                           
  1265                           	psect	intentry
  1266  0004                     __pintentry:	
  1267                           ;incstack = 0
  1268                           ; Regs used in _ISR: [wreg+status,2+status,0+btemp+1+pclath+cstack]
  1269                           
  1270  0004                     interrupt_function:
  1271  007E                     saved_w	set	btemp
  1272  0004  00FE               	movwf	btemp
  1273  0005  0E03               	swapf	3,w
  1274  0006  00F0               	movwf	??_ISR
  1275  0007  080A               	movf	10,w
  1276  0008  00F1               	movwf	??_ISR+1
  1277  0009  1283               	bcf	3,5	;RP0=0, select bank0
  1278  000A  1303               	bcf	3,6	;RP1=0, select bank0
  1279  000B  087F               	movf	btemp+1,w
  1280  000C  00F2               	movwf	??_ISR+2
  1281  000D  120A  118A  2848   	ljmp	_ISR
  1282                           
  1283                           	psect	text8
  1284  00F5                     __ptext8:	
  1285 ;; *************** function _T2I_ISR *****************
  1286 ;; Defined at:
  1287 ;;		line 88 in file "../test.c"
  1288 ;; Parameters:    Size  Location     Type
  1289 ;;		None
  1290 ;; Auto vars:     Size  Location     Type
  1291 ;;		None
  1292 ;; Return value:  Size  Location     Type
  1293 ;;                  1    wreg      void 
  1294 ;; Registers used:
  1295 ;;		None
  1296 ;; Tracked objects:
  1297 ;;		On entry : 0/0
  1298 ;;		On exit  : 0/0
  1299 ;;		Unchanged: 0/0
  1300 ;; Data sizes:     COMMON   BANK0   BANK1   BANK3   BANK2
  1301 ;;      Params:         0       0       0       0       0
  1302 ;;      Locals:         0       0       0       0       0
  1303 ;;      Temps:          0       0       0       0       0
  1304 ;;      Totals:         0       0       0       0       0
  1305 ;;Total ram usage:        0 bytes
  1306 ;; Hardware stack levels used:    1
  1307 ;; This function calls:
  1308 ;;		Nothing
  1309 ;; This function is called by:
  1310 ;;		_ISR
  1311 ;; This function uses a non-reentrant model
  1312 ;;
  1313                           
  1314                           
  1315                           ;psect for function _T2I_ISR
  1316  00F5                     _T2I_ISR:
  1317  00F5                     i1l47:	
  1318                           ;incstack = 0
  1319                           ; Regs used in _T2I_ISR: []
  1320                           
  1321  00F5  0008               	return
  1322  00F6                     __end_of_T2I_ISR:
  1323                           
  1324                           	psect	text9
  1325  00AA                     __ptext9:	
  1326 ;; *************** function _T1I_ISR *****************
  1327 ;; Defined at:
  1328 ;;		line 74 in file "../test.c"
  1329 ;; Parameters:    Size  Location     Type
  1330 ;;		None
  1331 ;; Auto vars:     Size  Location     Type
  1332 ;;		None
  1333 ;; Return value:  Size  Location     Type
  1334 ;;                  1    wreg      void 
  1335 ;; Registers used:
  1336 ;;		wreg, status,2, status,0, btemp+1
  1337 ;; Tracked objects:
  1338 ;;		On entry : 0/0
  1339 ;;		On exit  : 0/0
  1340 ;;		Unchanged: 0/0
  1341 ;; Data sizes:     COMMON   BANK0   BANK1   BANK3   BANK2
  1342 ;;      Params:         0       0       0       0       0
  1343 ;;      Locals:         0       0       0       0       0
  1344 ;;      Temps:          0       0       0       0       0
  1345 ;;      Totals:         0       0       0       0       0
  1346 ;;Total ram usage:        0 bytes
  1347 ;; Hardware stack levels used:    1
  1348 ;; This function calls:
  1349 ;;		Nothing
  1350 ;; This function is called by:
  1351 ;;		_ISR
  1352 ;; This function uses a non-reentrant model
  1353 ;;
  1354                           
  1355                           
  1356                           ;psect for function _T1I_ISR
  1357  00AA                     _T1I_ISR:
  1358  00AA                     i1l799:	
  1359                           ;incstack = 0
  1360                           ; Regs used in _T1I_ISR: [wreg+status,2+status,0+btemp+1]
  1361                           
  1362                           
  1363                           ;../test.c: 76:     if (t>1)
  1364  00AA  3002               	movlw	2
  1365  00AB  027A               	subwf	_t,w
  1366  00AC  1C03               	skipc
  1367  00AD  28AF               	goto	u2_21
  1368  00AE  28B0               	goto	u2_20
  1369  00AF                     u2_21:
  1370  00AF  28B5               	goto	i1l42
  1371  00B0                     u2_20:
  1372  00B0                     i1l801:
  1373                           
  1374                           ;../test.c: 77:     {;../test.c: 78:         t = 0;
  1375  00B0  01FA               	clrf	_t
  1376  00B1                     i1l803:
  1377                           
  1378                           ;../test.c: 79:         TRISEbits.TRISE2 = 0;
  1379  00B1  1683               	bsf	3,5	;RP0=1, select bank1
  1380  00B2  1303               	bcf	3,6	;RP1=0, select bank1
  1381  00B3  1109               	bcf	9,2	;volatile
  1382                           
  1383                           ;../test.c: 80:     }
  1384  00B4  28BC               	goto	i1l44
  1385  00B5                     i1l42:	
  1386                           ;../test.c: 81:     else
  1387                           
  1388                           
  1389                           ;../test.c: 82:     {;../test.c: 83:         TRISEbits.TRISE2 = 1;
  1390  00B5  1683               	bsf	3,5	;RP0=1, select bank1
  1391  00B6  1303               	bcf	3,6	;RP1=0, select bank1
  1392  00B7  1509               	bsf	9,2	;volatile
  1393  00B8                     i1l805:
  1394                           
  1395                           ;../test.c: 84:         t++;
  1396  00B8  3001               	movlw	1
  1397  00B9  00FF               	movwf	btemp+1
  1398  00BA  087F               	movf	btemp+1,w
  1399  00BB  07FA               	addwf	_t,f
  1400  00BC                     i1l44:
  1401  00BC  0008               	return
  1402  00BD                     __end_of_T1I_ISR:
  1403                           
  1404                           	psect	text10
  1405  0075                     __ptext10:	
  1406 ;; *************** function _T0I_ISR *****************
  1407 ;; Defined at:
  1408 ;;		line 56 in file "../test.c"
  1409 ;; Parameters:    Size  Location     Type
  1410 ;;		None
  1411 ;; Auto vars:     Size  Location     Type
  1412 ;;		None
  1413 ;; Return value:  Size  Location     Type
  1414 ;;                  1    wreg      void 
  1415 ;; Registers used:
  1416 ;;		wreg, status,2, btemp+1
  1417 ;; Tracked objects:
  1418 ;;		On entry : 0/0
  1419 ;;		On exit  : 0/0
  1420 ;;		Unchanged: 0/0
  1421 ;; Data sizes:     COMMON   BANK0   BANK1   BANK3   BANK2
  1422 ;;      Params:         0       0       0       0       0
  1423 ;;      Locals:         0       0       0       0       0
  1424 ;;      Temps:          0       0       0       0       0
  1425 ;;      Totals:         0       0       0       0       0
  1426 ;;Total ram usage:        0 bytes
  1427 ;; Hardware stack levels used:    1
  1428 ;; This function calls:
  1429 ;;		Nothing
  1430 ;; This function is called by:
  1431 ;;		_ISR
  1432 ;; This function uses a non-reentrant model
  1433 ;;
  1434                           
  1435                           
  1436                           ;psect for function _T0I_ISR
  1437  0075                     _T0I_ISR:
  1438  0075                     i1l791:	
  1439                           ;incstack = 0
  1440                           ; Regs used in _T0I_ISR: [wreg+status,2+btemp+1]
  1441                           
  1442                           
  1443                           ;../test.c: 58:     if (i>1)
  1444  0075  0878               	movf	_i+1,w
  1445  0076  3A80               	xorlw	128
  1446  0077  00FF               	movwf	btemp+1
  1447  0078  3080               	movlw	128
  1448  0079  027F               	subwf	btemp+1,w
  1449  007A  1D03               	skipz
  1450  007B  287E               	goto	u1_25
  1451  007C  3002               	movlw	2
  1452  007D  0277               	subwf	_i,w
  1453  007E                     u1_25:
  1454  007E  1C03               	skipc
  1455  007F  2881               	goto	u1_21
  1456  0080  2882               	goto	u1_20
  1457  0081                     u1_21:
  1458  0081  2888               	goto	i1l37
  1459  0082                     u1_20:
  1460  0082                     i1l793:
  1461                           
  1462                           ;../test.c: 59:     {;../test.c: 60:         i = 0;
  1463  0082  01F7               	clrf	_i
  1464  0083  01F8               	clrf	_i+1
  1465  0084                     i1l795:
  1466                           
  1467                           ;../test.c: 62:         TRISEbits.TRISE0 = 1;
  1468  0084  1683               	bsf	3,5	;RP0=1, select bank1
  1469  0085  1303               	bcf	3,6	;RP1=0, select bank1
  1470  0086  1409               	bsf	9,0	;volatile
  1471                           
  1472                           ;../test.c: 64:     }
  1473  0087  2891               	goto	i1l39
  1474  0088                     i1l37:	
  1475                           ;../test.c: 65:     else
  1476                           
  1477                           
  1478                           ;../test.c: 66:     {;../test.c: 68:         TRISEbits.TRISE0 = 0;
  1479  0088  1683               	bsf	3,5	;RP0=1, select bank1
  1480  0089  1303               	bcf	3,6	;RP1=0, select bank1
  1481  008A  1009               	bcf	9,0	;volatile
  1482  008B                     i1l797:
  1483                           
  1484                           ;../test.c: 70:         i++;
  1485  008B  3001               	movlw	1
  1486  008C  07F7               	addwf	_i,f
  1487  008D  1803               	skipnc
  1488  008E  0AF8               	incf	_i+1,f
  1489  008F  3000               	movlw	0
  1490  0090  07F8               	addwf	_i+1,f
  1491  0091                     i1l39:
  1492  0091  0008               	return
  1493  0092                     __end_of_T0I_ISR:
  1494  007E                     btemp	set	126	;btemp
  1495  007E                     wtemp0	set	126
  1496                           
  1497                           	psect	config
  1498                           
  1499                           ;Config register CONFIG1 @ 0x2007
  1500                           ;	Oscillator Selection bits
  1501                           ;	FOSC = HS, HS oscillator: High-speed crystal/resonator on RA6/OSC2/CLKOUT and RA7/OSC1
      +                          /CLKIN
  1502                           ;	Watchdog Timer Enable bit
  1503                           ;	WDTE = OFF, WDT disabled and can be enabled by SWDTEN bit of the WDTCON register
  1504                           ;	Power-up Timer Enable bit
  1505                           ;	PWRTE = OFF, PWRT disabled
  1506                           ;	RE3/MCLR pin function select bit
  1507                           ;	MCLRE = ON, RE3/MCLR pin function is MCLR
  1508                           ;	Code Protection bit
  1509                           ;	CP = OFF, Program memory code protection is disabled
  1510                           ;	Data Code Protection bit
  1511                           ;	CPD = OFF, Data memory code protection is disabled
  1512                           ;	Brown Out Reset Selection bits
  1513                           ;	BOREN = OFF, BOR disabled
  1514                           ;	Internal External Switchover bit
  1515                           ;	IESO = OFF, Internal/External Switchover mode is disabled
  1516                           ;	Fail-Safe Clock Monitor Enabled bit
  1517                           ;	FCMEN = OFF, Fail-Safe Clock Monitor is disabled
  1518                           ;	Low Voltage Programming Enable bit
  1519                           ;	LVP = OFF, RB3 pin has digital I/O, HV on MCLR must be used for programming
  1520                           ;	In-Circuit Debugger Mode bit
  1521                           ;	DEBUG = 0x1, unprogrammed default
  1522  2007                     	org	8199
  1523  2007  20F2               	dw	8434
  1524                           
  1525                           ;Config register CONFIG2 @ 0x2008
  1526                           ;	Brown-out Reset Selection bit
  1527                           ;	BOR4V = BOR21V, Brown-out Reset set to 2.1V
  1528                           ;	Flash Program Memory Self Write Enable bits
  1529                           ;	WRT = OFF, Write protection off
  1530  2008                     	org	8200
  1531  2008  3EFF               	dw	16127

Data Sizes:
    Strings     0
    Constant    0
    Data        0
    BSS         4
    Persistent  0
    Stack       0

Auto Spaces:
    Space          Size  Autos    Used
    COMMON           14      7      11
    BANK0            80      1       1
    BANK1            80      0       0
    BANK3            96      0       0
    BANK2            96      0       0

Pointer List with Targets:

    None.

Critical Paths under _main in COMMON

    _main->_GBS_Timer1_Config
    _GBS_Interrupt_Init->_GBS_T0I_Config
    _GBS_Interrupt_Init->_GBS_T1I_Config

Critical Paths under _ISR in COMMON

    None.

Critical Paths under _main in BANK0

    _main->_GBS_Timer1_Config

Critical Paths under _ISR in BANK0

    None.

Critical Paths under _main in BANK1

    None.

Critical Paths under _ISR in BANK1

    None.

Critical Paths under _main in BANK3

    None.

Critical Paths under _ISR in BANK3

    None.

Critical Paths under _main in BANK2

    None.

Critical Paths under _ISR in BANK2

    None.

Call Graph Tables:

 ---------------------------------------------------------------------------------
 (Depth) Function   	        Calls       Base Space   Used Autos Params    Refs
 ---------------------------------------------------------------------------------
 (0) _main                                                 0     0      0     423
                 _GBS_Interrupt_Init
                  _GBS_Timer0_Config
                  _GBS_Timer1_Config
 ---------------------------------------------------------------------------------
 (1) _GBS_Timer1_Config                                    5     2      3     273
                                              3 COMMON     4     1      3
                                              0 BANK0      1     1      0
 ---------------------------------------------------------------------------------
 (1) _GBS_Timer0_Config                                    2     1      1     120
                                              3 COMMON     2     1      1
 ---------------------------------------------------------------------------------
 (1) _GBS_Interrupt_Init                                   0     0      0      30
               _GBS_Interrupt_Enable
                     _GBS_T0I_Config
                     _GBS_T1I_Config
 ---------------------------------------------------------------------------------
 (2) _GBS_T1I_Config                                       1     1      0      15
                                              3 COMMON     1     1      0
 ---------------------------------------------------------------------------------
 (2) _GBS_T0I_Config                                       1     1      0      15
                                              3 COMMON     1     1      0
 ---------------------------------------------------------------------------------
 (2) _GBS_Interrupt_Enable                                 0     0      0       0
 ---------------------------------------------------------------------------------
 Estimated maximum stack depth 2
 ---------------------------------------------------------------------------------
 (Depth) Function   	        Calls       Base Space   Used Autos Params    Refs
 ---------------------------------------------------------------------------------
 (3) _ISR                                                  3     3      0       0
                                              0 COMMON     3     3      0
                            _T0I_ISR
                            _T1I_ISR
                            _T2I_ISR
 ---------------------------------------------------------------------------------
 (4) _T2I_ISR                                              0     0      0       0
 ---------------------------------------------------------------------------------
 (4) _T1I_ISR                                              0     0      0       0
 ---------------------------------------------------------------------------------
 (4) _T0I_ISR                                              0     0      0       0
 ---------------------------------------------------------------------------------
 Estimated maximum stack depth 4
 ---------------------------------------------------------------------------------

 Call Graph Graphs:

 _main (ROOT)
   _GBS_Interrupt_Init
     _GBS_Interrupt_Enable
     _GBS_T0I_Config
     _GBS_T1I_Config
   _GBS_Timer0_Config
   _GBS_Timer1_Config

 _ISR (ROOT)
   _T0I_ISR
   _T1I_ISR
   _T2I_ISR

 Address spaces:
Name               Size   Autos  Total    Cost      Usage
BITCOMMON            E      0       0       0        0.0%
EEDATA             100      0       0       0        0.0%
NULL                 0      0       0       0        0.0%
CODE                 0      0       0       0        0.0%
COMMON               E      7       B       1       78.6%
BITSFR0              0      0       0       1        0.0%
SFR0                 0      0       0       1        0.0%
BITSFR1              0      0       0       2        0.0%
SFR1                 0      0       0       2        0.0%
STACK                0      0       0       2        0.0%
ABS                  0      0       C       3        0.0%
BITBANK0            50      0       0       4        0.0%
BITSFR3              0      0       0       4        0.0%
SFR3                 0      0       0       4        0.0%
BANK0               50      1       1       5        1.2%
BITSFR2              0      0       0       5        0.0%
SFR2                 0      0       0       5        0.0%
BITBANK1            50      0       0       6        0.0%
BANK1               50      0       0       7        0.0%
BITBANK3            60      0       0       8        0.0%
BANK3               60      0       0       9        0.0%
BITBANK2            60      0       0      10        0.0%
BANK2               60      0       0      11        0.0%
DATA                 0      0       C      12        0.0%


Microchip Technology PIC Macro Assembler V2.20 build 20200408173844 
Symbol Table                                                                                   Wed Oct 28 11:29:52 2020

                            _i 0077                              _k 0079                              _t 007A  
                           l31 0044                             l99 00CE                            l102 00F4  
                          l114 00F1                            l117 00E9                            l162 00DD  
                          l165 00A9                            l771 00F2                            l763 00EB  
                          l931 00D4                            l765 00EC                            l773 00BD  
                          l933 00D9                            l767 00DF                            l775 00C9  
                          l769 00E2                            l929 00D0                            l971 00A5  
                          l965 0095                            l981 0038                            l973 001B  
                          l967 0098                            l991 0044                            l983 0039  
                          l975 0027                            l969 00A0                            l985 003A  
                          l977 0034                            l987 003E                            l979 0037  
                          l989 0042                            _PR2 0092                            _ISR 0048  
                          _PSA 040B                __end_of_T0I_ISR 0092                __end_of_T1I_ISR 00BD  
              __end_of_T2I_ISR 00F6                           ?_ISR 0070                           _T0CS 040D  
                         i1l42 00B5                           i1l44 00BC                           i1l37 0088  
                         i1l39 0091                           i1l47 00F5                           _TMR0 0001  
                         _TMR1 000E                           _TMR2 0011                           u1_20 0082  
                         u1_21 0081                           u1_25 007E                           u2_20 00B0  
                         u2_21 00AF                           u3_20 004C                           u3_21 004B  
                         u4_20 0058                           u4_21 0057                           u5_20 0064  
                         u5_21 0063                           _main 001B                           btemp 007E  
                         start 0010                          ??_ISR 0070                          ?_main 0070  
                        _ANSEL 0188                          _T2CON 0012                          i1l128 006C  
                        i1l801 00B0                          i1l803 00B1                          i1l805 00B8  
                        i1l901 0064                          i1l903 0069                          i1l791 0075  
                        i1l793 0082                          i1l795 0084                          i1l891 0051  
                        i1l797 008B                          i1l893 0052                          i1l799 00AA  
                        i1l895 0058                          i1l887 0048                          i1l897 005D  
                        i1l889 004C                          i1l899 0060                          pclath 000A  
                        status 0003                          wtemp0 007E                __initialization 0013  
       GBS_Timer1_Config@state 0020                   __end_of_main 0048                         ??_main 0077  
                    ??_T0I_ISR 0070                      ??_T1I_ISR 0070                      ??_T2I_ISR 0070  
                       _CCPR1L 0015     GBS_Timer0_Config@prescaler 0074                         _ANSELH 0189  
                       _TMR2ON 0092                         _TRISC2 043A                         saved_w 007E  
 __end_of_GBS_Interrupt_Enable 00F5        __end_of__initialization 0017                 __pcstackCOMMON 0070  
      GBS_Timer1_Config@timVar 0074                 _OPTION_REGbits 0081        __size_of_GBS_T0I_Config 0008  
      __size_of_GBS_T1I_Config 000C     __end_of_GBS_Interrupt_Init 00CF                     __pmaintext 001B  
                   __pintentry 0004     GBS_Timer1_Config@prescaler 0073                        _T0I_ISR 0075  
                      _T1I_ISR 00AA                        _T2I_ISR 00F5           _GBS_Interrupt_Enable 00F2  
                      __ptext1 0092                        __ptext2 00CF                        __ptext3 00BD  
                      __ptext4 00DE                        __ptext5 00EA                        __ptext6 00F2  
                      __ptext7 0048                        __ptext8 00F5                        __ptext9 00AA  
                 __size_of_ISR 002D                      _T1CONbits 0010                      _T2CONbits 0012  
           GBS_T0I_Config@mode 0073           end_of_initialization 0017          ?_GBS_Interrupt_Enable 0070  
               _GBS_T0I_Config 00EA                 _GBS_T1I_Config 00DE                      _TRISAbits 0085  
                    _TRISBbits 0086                      _TRISCbits 0087                      _TRISDbits 0088  
                    _TRISEbits 0089                    _CCP1CONbits 0017         __end_of_GBS_T0I_Config 00F2  
       __end_of_GBS_T1I_Config 00EA            start_initialization 0013                    __end_of_ISR 0075  
           GBS_T1I_Config@mode 0073              _GBS_Timer0_Config 00CF              _GBS_Timer1_Config 0092  
           ?_GBS_Timer0_Config 0073             ?_GBS_Timer1_Config 0073            ??_GBS_Timer0_Config 0074  
       ??_GBS_Interrupt_Enable 0073            ??_GBS_Timer1_Config 0076             _GBS_Interrupt_Init 00BD  
          ?_GBS_Interrupt_Init 0070                ?_GBS_T0I_Config 0070                ?_GBS_T1I_Config 0070  
                     ?_T0I_ISR 0070                       ?_T1I_ISR 0070                       ?_T2I_ISR 0070  
                  __pbssCOMMON 0077                      ___latbits 0002                  __pcstackBANK0 0020  
    __end_of_GBS_Timer0_Config 00DE      __end_of_GBS_Timer1_Config 00AA           ??_GBS_Interrupt_Init 0074  
            interrupt_function 0004                       _IOCBbits 0096                       _PIE1bits 008C  
                     _PIR1bits 000C               __size_of_T0I_ISR 001D               __size_of_T1I_ISR 0013  
             __size_of_T2I_ISR 0001     __size_of_GBS_Timer0_Config 000F     __size_of_GBS_Timer1_Config 0018  
                     __ptext10 0075                  __size_of_main 002D               ??_GBS_T0I_Config 0073  
             ??_GBS_T1I_Config 0073                     _INTCONbits 000B                       intlevel1 0000  
__size_of_GBS_Interrupt_Enable 0003    __size_of_GBS_Interrupt_Init 0012        GBS_Timer0_Config@timer0 0073  
